IQ-TREE multicore version 2.0.3 for Linux 64-bit built Apr 26 2020
Developed by Bui Quang Minh, Nguyen Lam Tung, Olga Chernomor,
Heiko Schmidt, Dominik Schrempf, Michael Woodhams.

Host:    terminal (AVX2, FMA3, 3 GB RAM)
Command: iqtree -s analyses/phylo/Dibenzofuran_dioxygenase/Dibenzofuran_dioxygenase.trimmed -m LG+R7 -B 1000 -T AUTO -seed 3333
Seed:    3333 (Using SPRNG - Scalable Parallel Random Number Generator)
Time:    Thu Sep  3 09:05:17 2020
Kernel:  AVX+FMA - auto-detect threads (4 CPU cores detected)

Reading alignment file analyses/phylo/Dibenzofuran_dioxygenase/Dibenzofuran_dioxygenase.trimmed ... Fasta format detected
Alignment most likely contains protein sequences
Alignment has 45 sequences with 544 columns, 538 distinct patterns
459 parsimony-informative, 68 singleton sites, 17 constant sites
WARNING: Some sequence names are changed as follows:
Q44256-O=Comamonas-G=cbaA-T=BLAST -> Q44256-O_Comamonas-G_cbaA-T_BLAST
H9N291-O=Pseudomonas-G=ndmD-T=BLAST -> H9N291-O_Pseudomonas-G_ndmD-T_BLAST
P0ABR7-O=Escherichia-G=yeaW-T=BLAST -> P0ABR7-O_Escherichia-G_yeaW-T_BLAST
P0ABR8-O=Escherichia-G=yeaW-T=BLAST -> P0ABR8-O_Escherichia-G_yeaW-T_BLAST
D0C9N6-O=Acinetobacter-G=cntA-T=BLAST -> D0C9N6-O_Acinetobacter-G_cntA-T_BLAST
F0KFI5-O=Acinetobacter-G=yeaW-T=BLAST -> F0KFI5-O_Acinetobacter-G_yeaW-T_BLAST
Q51974-O=Pseudomonas-G=cmtAb-T=BLAST -> Q51974-O_Pseudomonas-G_cmtAb-T_BLAST
O85673-O=Acinetobacter-G=antA-T=BLAST -> O85673-O_Acinetobacter-G_antA-T_BLAST
Q51601-O=Burkholderia-G=cbdA-T=BLAST -> Q51601-O_Burkholderia-G_cbdA-T_BLAST
P07769-O=Acinetobacter-G=benA-T=BLAST -> P07769-O_Acinetobacter-G_benA-T_BLAST
P23099-O=Pseudomonas-G=xylX-T=BLAST -> P23099-O_Pseudomonas-G_xylX-T_BLAST
Q9RBG5-O=Alcaligenes-G=absAa-T=BLAST -> Q9RBG5-O_Alcaligenes-G_absAa-T_BLAST
Q9X404-O=Methylosulfonomonas-G=msmA-T=BLAST -> Q9X404-O_Methylosulfonomonas-G_msmA-T_BLAST
O52379-O=Ralstonia-G=nagG-T=BLAST -> O52379-O_Ralstonia-G_nagG-T_BLAST
Q84BZ3-O=Burkholderia-G=andAc-T=BLAST -> Q84BZ3-O_Burkholderia-G_andAc-T_BLAST
Q3C1D5-O=Comamonas-G=tphA2II-T=BLAST -> Q3C1D5-O_Comamonas-G_tphA2II-T_BLAST
Q3C1E3-O=Comamonas-G=tphA2I-T=BLAST -> Q3C1E3-O_Comamonas-G_tphA2I-T_BLAST
Q45695-O=Burkholderia-G=dntAc-T=BLAST -> Q45695-O_Burkholderia-G_dntAc-T_BLAST
O52382-O=Ralstonia-G=nagAc-T=BLAST -> O52382-O_Ralstonia-G_nagAc-T_BLAST
Q51494-O=Pseudomonas-G=ndoB-T=BLAST -> Q51494-O_Pseudomonas-G_ndoB-T_BLAST
P0A111-O=Pseudomonas-G=doxB-T=BLAST -> P0A111-O_Pseudomonas-G_doxB-T_BLAST
P0A110-O=Pseudomonas-G=ndoB-T=BLAST -> P0A110-O_Pseudomonas-G_ndoB-T_BLAST
O07824-O=Pseudomonas-G=ndoB-T=BLAST -> O07824-O_Pseudomonas-G_ndoB-T_BLAST
Q7N4W0-O=Photorhabdus-G=hcaE-T=BLAST -> Q7N4W0-O_Photorhabdus-G_hcaE-T_BLAST
Q0T1Y1-O=Shigella-G=hcaE-T=BLAST -> Q0T1Y1-O_Shigella-G_hcaE-T_BLAST
Q83K39-O=Shigella-G=hcaE-T=BLAST -> Q83K39-O_Shigella-G_hcaE-T_BLAST
Q31XV2-O=Shigella-G=hcaE-T=BLAST -> Q31XV2-O_Shigella-G_hcaE-T_BLAST
Q3YZ15-O=Shigella-G=hcaE-T=BLAST -> Q3YZ15-O_Shigella-G_hcaE-T_BLAST
P0ABR5-O=Escherichia-G=hcaE-T=BLAST -> P0ABR5-O_Escherichia-G_hcaE-T_BLAST
P0ABR6-O=Escherichia-G=hcaE-T=BLAST -> P0ABR6-O_Escherichia-G_hcaE-T_BLAST
A8A344-O=Escherichia-G=hcaE-T=BLAST -> A8A344-O_Escherichia-G_hcaE-T_BLAST
Q53122-O=Rhodococcus-G=bphA1-T=BLAST -> Q53122-O_Rhodococcus-G_bphA1-T_BLAST
P0C618-O=Pseudomonas-G=bnzA-T=BLAST -> P0C618-O_Pseudomonas-G_bnzA-T_BLAST
A5W4F2-O=Pseudomonas-G=bnzA-T=BLAST -> A5W4F2-O_Pseudomonas-G_bnzA-T_BLAST
Q07944-O=Pseudomonas-G=bedC1-T=BLAST -> Q07944-O_Pseudomonas-G_bedC1-T_BLAST
P37333-O=Paraburkholderia-G=bphA-T=BLAST -> P37333-O_Paraburkholderia-G_bphA-T_BLAST
Q52028-O=Pseudomonas-G=bphA-T=BLAST -> Q52028-O_Pseudomonas-G_bphA-T_BLAST
Q46372-O=Comamonas-G=bphA-T=BLAST -> Q46372-O_Comamonas-G_bphA-T_BLAST
Q52438-O=Pseudomonas-G=bphA1-T=BLAST -> Q52438-O_Pseudomonas-G_bphA1-T_BLAST
Q0KJ72-O=Novosphingobium-G=dbfA1-T=Query -> Q0KJ72-O_Novosphingobium-G_dbfA1-T_Query
ALS21084.1-O=Paenibacillus-NCBI -> ALS21084.1-O_Paenibacillus-NCBI
Q2WGA2-O=Paenibacillus-G=dbfA1-T=Query -> Q2WGA2-O_Paenibacillus-G_dbfA1-T_Query
B2MV36-O=Rhodococcus-G=dbfA1-T=Query -> B2MV36-O_Rhodococcus-G_dbfA1-T_Query
G8GV17-O=Rhodococcus-G=dbfA1-T=Query -> G8GV17-O_Rhodococcus-G_dbfA1-T_Query
Q93UV3-O=Terrabacter-G=DbfA1-T=Query -> Q93UV3-O_Terrabacter-G_DbfA1-T_Query

                                             Gap/Ambiguity  Composition  p-value
   1  Q44256-O_Comamonas-G_cbaA-T_BLAST             23.53%    passed      7.89%
   2  H9N291-O_Pseudomonas-G_ndmD-T_BLAST           18.20%    passed     32.97%
   3  P0ABR7-O_Escherichia-G_yeaW-T_BLAST           31.25%    passed     91.89%
   4  P0ABR8-O_Escherichia-G_yeaW-T_BLAST           31.25%    passed     91.89%
   5  D0C9N6-O_Acinetobacter-G_cntA-T_BLAST         32.35%    passed     73.24%
   6  F0KFI5-O_Acinetobacter-G_yeaW-T_BLAST         31.99%    passed     54.48%
   7  Q51974-O_Pseudomonas-G_cmtAb-T_BLAST          23.16%    passed     68.71%
   8  O85673-O_Acinetobacter-G_antA-T_BLAST         14.34%    passed     69.46%
   9  Q51601-O_Burkholderia-G_cbdA-T_BLAST          14.52%    passed     51.87%
  10  P07769-O_Acinetobacter-G_benA-T_BLAST         15.26%    passed     89.28%
  11  P23099-O_Pseudomonas-G_xylX-T_BLAST           16.54%    passed     90.52%
  12  Q9RBG5-O_Alcaligenes-G_absAa-T_BLAST          27.76%    passed     46.78%
  13  Q9X404-O_Methylosulfonomonas-G_msmA-T_BLAST   25.55%    passed      7.62%
  14  O52379-O_Ralstonia-G_nagG-T_BLAST             22.79%    passed     24.25%
  15  Q84BZ3-O_Burkholderia-G_andAc-T_BLAST         22.24%    passed     70.00%
  16  Q3C1D5-O_Comamonas-G_tphA2II-T_BLAST          24.08%    passed     77.32%
  17  Q3C1E3-O_Comamonas-G_tphA2I-T_BLAST           24.08%    passed     77.01%
  18  Q45695-O_Burkholderia-G_dntAc-T_BLAST         17.10%    passed     88.73%
  19  O52382-O_Ralstonia-G_nagAc-T_BLAST            17.83%    passed     87.28%
  20  Q51494-O_Pseudomonas-G_ndoB-T_BLAST           17.46%    passed     58.27%
  21  P0A111-O_Pseudomonas-G_doxB-T_BLAST           17.46%    passed     45.84%
  22  P0A110-O_Pseudomonas-G_ndoB-T_BLAST           17.46%    passed     45.84%
  23  O07824-O_Pseudomonas-G_ndoB-T_BLAST           17.65%    passed     53.61%
  24  Q7N4W0-O_Photorhabdus-G_hcaE-T_BLAST          16.73%    passed     83.62%
  25  Q0T1Y1-O_Shigella-G_hcaE-T_BLAST              16.73%    passed     98.93%
  26  Q83K39-O_Shigella-G_hcaE-T_BLAST              16.73%    passed     98.75%
  27  Q31XV2-O_Shigella-G_hcaE-T_BLAST              16.73%    passed     97.81%
  28  Q3YZ15-O_Shigella-G_hcaE-T_BLAST              16.73%    passed     98.01%
  29  P0ABR5-O_Escherichia-G_hcaE-T_BLAST           16.73%    passed     98.01%
  30  P0ABR6-O_Escherichia-G_hcaE-T_BLAST           16.73%    passed     98.01%
  31  A8A344-O_Escherichia-G_hcaE-T_BLAST           16.73%    passed     98.17%
  32  Q53122-O_Rhodococcus-G_bphA1-T_BLAST          15.44%    passed     38.23%
  33  P0C618-O_Pseudomonas-G_bnzA-T_BLAST           17.28%    passed     91.60%
  34  A5W4F2-O_Pseudomonas-G_bnzA-T_BLAST           17.28%    passed     91.60%
  35  Q07944-O_Pseudomonas-G_bedC1-T_BLAST          17.28%    passed     77.21%
  36  P37333-O_Paraburkholderia-G_bphA-T_BLAST      15.62%    passed     75.31%
  37  Q52028-O_Pseudomonas-G_bphA-T_BLAST           15.81%    passed     29.75%
  38  Q46372-O_Comamonas-G_bphA-T_BLAST             15.99%    passed     83.07%
  39  Q52438-O_Pseudomonas-G_bphA1-T_BLAST          16.36%    passed     22.29%
  40  Q0KJ72-O_Novosphingobium-G_dbfA1-T_Query      18.57%    passed      7.36%
  41  ALS21084.1-O_Paenibacillus-NCBI               20.77%    passed      7.46%
  42  Q2WGA2-O_Paenibacillus-G_dbfA1-T_Query        20.77%    passed      7.46%
  43  B2MV36-O_Rhodococcus-G_dbfA1-T_Query          18.57%    passed     88.18%
  44  G8GV17-O_Rhodococcus-G_dbfA1-T_Query          18.57%    passed     88.18%
  45  Q93UV3-O_Terrabacter-G_DbfA1-T_Query          18.57%    passed     85.11%
****  TOTAL                                         19.66%  0 sequences failed composition chi2 test (p-value<5%; df=19)
NOTE: P0ABR8-O_Escherichia-G_yeaW-T_BLAST is identical to P0ABR7-O_Escherichia-G_yeaW-T_BLAST but kept for subsequent analysis
NOTE: P0A110-O_Pseudomonas-G_ndoB-T_BLAST is identical to P0A111-O_Pseudomonas-G_doxB-T_BLAST but kept for subsequent analysis
NOTE: P0ABR5-O_Escherichia-G_hcaE-T_BLAST is identical to Q3YZ15-O_Shigella-G_hcaE-T_BLAST but kept for subsequent analysis
NOTE: A5W4F2-O_Pseudomonas-G_bnzA-T_BLAST is identical to P0C618-O_Pseudomonas-G_bnzA-T_BLAST but kept for subsequent analysis
NOTE: Q2WGA2-O_Paenibacillus-G_dbfA1-T_Query is identical to ALS21084.1-O_Paenibacillus-NCBI but kept for subsequent analysis
NOTE: G8GV17-O_Rhodococcus-G_dbfA1-T_Query is identical to B2MV36-O_Rhodococcus-G_dbfA1-T_Query but kept for subsequent analysis
NOTE: 1 identical sequences (see below) will be ignored for subsequent analysis
NOTE: P0ABR6-O_Escherichia-G_hcaE-T_BLAST (identical to Q3YZ15-O_Shigella-G_hcaE-T_BLAST) is ignored but added at the end
Alignment was printed to analyses/phylo/Dibenzofuran_dioxygenase/Dibenzofuran_dioxygenase.trimmed.uniqueseq.phy

For your convenience alignment with unique sequences printed to analyses/phylo/Dibenzofuran_dioxygenase/Dibenzofuran_dioxygenase.trimmed.uniqueseq.phy

Create initial parsimony tree by phylogenetic likelihood library (PLL)... 0.026 seconds
Generating 1000 samples for ultrafast bootstrap (seed: 3333)...

NOTE: 28 MB RAM (0 GB) is required!
Measuring multi-threading efficiency up to 4 CPU cores
Increase to 10 rounds for branch lengths
2 trees examined
Threads: 1 / Time: 6.139 sec / Speedup: 1.000 / Efficiency: 100% / LogL: -37423
Threads: 2 / Time: 5.699 sec / Speedup: 1.077 / Efficiency: 54% / LogL: -37423
Threads: 3 / Time: 6.120 sec / Speedup: 1.003 / Efficiency: 33% / LogL: -37423
BEST NUMBER OF THREADS: 2

Estimate model parameters (epsilon = 0.100)
1. Initial log-likelihood: -22970.031
2. Current log-likelihood: -22516.412
3. Current log-likelihood: -22499.163
4. Current log-likelihood: -22498.943
5. Current log-likelihood: -22498.777
6. Current log-likelihood: -22498.619
7. Current log-likelihood: -22498.467
8. Current log-likelihood: -22498.322
9. Current log-likelihood: -22498.181
10. Current log-likelihood: -22498.049
11. Current log-likelihood: -22497.931
12. Current log-likelihood: -22497.830
Optimal log-likelihood: -22497.727
Site proportion and rates:  (0.049,0.054) (0.057,0.283) (0.087,0.335) (0.174,0.610) (0.189,0.706) (0.340,1.305) (0.105,2.571)
Parameters optimization took 12 rounds (53.858 sec)
Computing ML distances based on estimated model parameters... 1.387 sec
Computing BIONJ tree...
0.003 seconds
Log-likelihood of BIONJ tree: -22483.876
--------------------------------------------------------------------
|             INITIALIZING CANDIDATE TREE SET                      |
--------------------------------------------------------------------
Generating 98 parsimony trees... 3.531 second
Computing log-likelihood of 98 initial trees ... 30.584 seconds
Current best score: -22483.876

Do NNI search on 20 best initial trees
Estimate model parameters (epsilon = 0.100)
BETTER TREE FOUND at iteration 1: -22477.595
Estimate model parameters (epsilon = 0.100)
BETTER TREE FOUND at iteration 2: -22475.502
Estimate model parameters (epsilon = 0.100)
BETTER TREE FOUND at iteration 3: -22472.196
UPDATE BEST LOG-LIKELIHOOD: -22472.193
BETTER TREE FOUND at iteration 6: -22472.193
Iteration 10 / LogL: -22472.193 / Time: 0h:3m:28s
Iteration 20 / LogL: -22472.193 / Time: 0h:4m:50s
Finish initializing candidate tree set (6)
Current best tree score: -22472.193 / CPU time: 215.181
Number of iterations: 20
--------------------------------------------------------------------
|               OPTIMIZING CANDIDATE TREE SET                      |
--------------------------------------------------------------------
BETTER TREE FOUND at iteration 27: -22472.192
UPDATE BEST LOG-LIKELIHOOD: -22472.192
Iteration 30 / LogL: -22472.192 / Time: 0h:6m:12s (0h:20m:46s left)
BETTER TREE FOUND at iteration 34: -22472.192
Iteration 40 / LogL: -22472.192 / Time: 0h:7m:37s (0h:18m:21s left)
Iteration 50 / LogL: -22473.572 / Time: 0h:9m:3s (0h:15m:31s left)
Log-likelihood cutoff on original alignment: -22508.647
UPDATE BEST LOG-LIKELIHOOD: -22472.192
Iteration 60 / LogL: -22472.193 / Time: 0h:10m:27s (0h:13m:6s left)
UPDATE BEST LOG-LIKELIHOOD: -22472.192
Iteration 70 / LogL: -22478.554 / Time: 0h:12m:22s (0h:11m:28s left)
Iteration 80 / LogL: -22472.192 / Time: 0h:13m:25s (0h:9m:10s left)
Iteration 90 / LogL: -22474.244 / Time: 0h:14m:25s (0h:7m:7s left)
UPDATE BEST LOG-LIKELIHOOD: -22472.192
Iteration 100 / LogL: -22476.435 / Time: 0h:15m:53s (0h:5m:27s left)
Log-likelihood cutoff on original alignment: -22508.647
NOTE: Bootstrap correlation coefficient of split occurrence frequencies: 0.999
Iteration 110 / LogL: -22472.193 / Time: 0h:17m:42s (0h:14m:36s left)
Iteration 120 / LogL: -22472.194 / Time: 0h:18m:49s (0h:12m:39s left)
Iteration 130 / LogL: -22475.391 / Time: 0h:20m:5s (0h:10m:54s left)
TREE SEARCH COMPLETED AFTER 135 ITERATIONS / Time: 0h:20m:52s

--------------------------------------------------------------------
|                    FINALIZING TREE SEARCH                        |
--------------------------------------------------------------------
Performs final model parameters optimization
Estimate model parameters (epsilon = 0.010)
1. Initial log-likelihood: -22472.192
2. Current log-likelihood: -22472.161
3. Current log-likelihood: -22472.136
4. Current log-likelihood: -22472.103
5. Current log-likelihood: -22472.083
6. Current log-likelihood: -22472.054
7. Current log-likelihood: -22472.036
8. Current log-likelihood: -22472.010
9. Current log-likelihood: -22471.994
10. Current log-likelihood: -22471.978
11. Current log-likelihood: -22471.962
12. Current log-likelihood: -22471.947
13. Current log-likelihood: -22471.932
14. Current log-likelihood: -22471.918
15. Current log-likelihood: -22471.903
16. Current log-likelihood: -22471.889
17. Current log-likelihood: -22471.876
18. Current log-likelihood: -22471.862
19. Current log-likelihood: -22471.849
20. Current log-likelihood: -22471.838
21. Current log-likelihood: -22471.826
22. Current log-likelihood: -22471.813
23. Current log-likelihood: -22471.800
24. Current log-likelihood: -22471.787
25. Current log-likelihood: -22471.775
26. Current log-likelihood: -22471.765
27. Current log-likelihood: -22471.755
28. Current log-likelihood: -22471.743
29. Current log-likelihood: -22471.731
30. Current log-likelihood: -22471.721
Optimal log-likelihood: -22471.706
Site proportion and rates:  (0.045,0.047) (0.076,0.291) (0.050,0.291) (0.168,0.626) (0.183,0.627) (0.378,1.250) (0.099,2.704)
Parameters optimization took 30 rounds (98.065 sec)
BEST SCORE FOUND : -22471.706
Creating bootstrap support values...
Split supports printed to NEXUS file analyses/phylo/Dibenzofuran_dioxygenase/Dibenzofuran_dioxygenase.trimmed.splits.nex
Total tree length: 31.520

Total number of iterations: 135
CPU time used for tree search: 2280.827 sec (0h:38m:0s)
Wall-clock time used for tree search: 1177.632 sec (0h:19m:37s)
Total CPU time used: 2615.824 sec (0h:43m:35s)
Total wall-clock time used: 1351.384 sec (0h:22m:31s)

Computing bootstrap consensus tree...
Reading input file analyses/phylo/Dibenzofuran_dioxygenase/Dibenzofuran_dioxygenase.trimmed.splits.nex...
44 taxa and 250 splits.
Consensus tree written to analyses/phylo/Dibenzofuran_dioxygenase/Dibenzofuran_dioxygenase.trimmed.contree
Reading input trees file analyses/phylo/Dibenzofuran_dioxygenase/Dibenzofuran_dioxygenase.trimmed.contree
Log-likelihood of consensus tree: -22471.714

Analysis results written to: 
  IQ-TREE report:                analyses/phylo/Dibenzofuran_dioxygenase/Dibenzofuran_dioxygenase.trimmed.iqtree
  Maximum-likelihood tree:       analyses/phylo/Dibenzofuran_dioxygenase/Dibenzofuran_dioxygenase.trimmed.treefile
  Likelihood distances:          analyses/phylo/Dibenzofuran_dioxygenase/Dibenzofuran_dioxygenase.trimmed.mldist

Ultrafast bootstrap approximation results written to:
  Split support values:          analyses/phylo/Dibenzofuran_dioxygenase/Dibenzofuran_dioxygenase.trimmed.splits.nex
  Consensus tree:                analyses/phylo/Dibenzofuran_dioxygenase/Dibenzofuran_dioxygenase.trimmed.contree
  Screen log file:               analyses/phylo/Dibenzofuran_dioxygenase/Dibenzofuran_dioxygenase.trimmed.log

Date and Time: Thu Sep  3 09:27:51 2020
