IQ-TREE multicore version 2.0.3 for Linux 64-bit built Apr 26 2020
Developed by Bui Quang Minh, Nguyen Lam Tung, Olga Chernomor,
Heiko Schmidt, Dominik Schrempf, Michael Woodhams.

Host:    terminal (AVX2, FMA3, 3 GB RAM)
Command: iqtree -s analyses/phylo/PAH_dioxygenase_c/PAH_dioxygenase_c.trimmed -m LG+R7 -B 1000 -T AUTO -seed 3333
Seed:    3333 (Using SPRNG - Scalable Parallel Random Number Generator)
Time:    Thu Sep  3 16:05:07 2020
Kernel:  AVX+FMA - auto-detect threads (4 CPU cores detected)

Reading alignment file analyses/phylo/PAH_dioxygenase_c/PAH_dioxygenase_c.trimmed ... Fasta format detected
Alignment most likely contains protein sequences
Alignment has 43 sequences with 506 columns, 501 distinct patterns
446 parsimony-informative, 37 singleton sites, 23 constant sites
WARNING: Some sequence names are changed as follows:
P94679-O=Comamonas-G=tsaM1-T=BLAST -> P94679-O_Comamonas-G_tsaM1-T_BLAST
P0ABR7-O=Escherichia-G=yeaW-T=BLAST -> P0ABR7-O_Escherichia-G_yeaW-T_BLAST
P0ABR8-O=Escherichia-G=yeaW-T=BLAST -> P0ABR8-O_Escherichia-G_yeaW-T_BLAST
F0KFI5-O=Acinetobacter-G=yeaW-T=BLAST -> F0KFI5-O_Acinetobacter-G_yeaW-T_BLAST
D0C9N6-O=Acinetobacter-G=cntA-T=BLAST -> D0C9N6-O_Acinetobacter-G_cntA-T_BLAST
Q9X404-O=Methylosulfonomonas-G=msmA-T=BLAST -> Q9X404-O_Methylosulfonomonas-G_msmA-T_BLAST
Q9RBG5-O=Alcaligenes-G=absAa-T=BLAST -> Q9RBG5-O_Alcaligenes-G_absAa-T_BLAST
Q51974-O=Pseudomonas-G=cmtAb-T=BLAST -> Q51974-O_Pseudomonas-G_cmtAb-T_BLAST
O85673-O=Acinetobacter-G=antA-T=BLAST -> O85673-O_Acinetobacter-G_antA-T_BLAST
Q51601-O=Burkholderia-G=cbdA-T=BLAST -> Q51601-O_Burkholderia-G_cbdA-T_BLAST
P07769-O=Acinetobacter-G=benA-T=BLAST -> P07769-O_Acinetobacter-G_benA-T_BLAST
P23099-O=Pseudomonas-G=xylX-T=BLAST -> P23099-O_Pseudomonas-G_xylX-T_BLAST
O52379-O=Ralstonia-G=nagG-T=BLAST -> O52379-O_Ralstonia-G_nagG-T_BLAST
Q3C1E3-O=Comamonas-G=tphA2I-T=BLAST -> Q3C1E3-O_Comamonas-G_tphA2I-T_BLAST
Q3C1D5-O=Comamonas-G=tphA2II-T=BLAST -> Q3C1D5-O_Comamonas-G_tphA2II-T_BLAST
Q84BZ3-O=Burkholderia-G=andAc-T=BLAST -> Q84BZ3-O_Burkholderia-G_andAc-T_BLAST
AGZ63455.1-O=Sphingobium-NCBI -> AGZ63455.1-O_Sphingobium-NCBI
U5XKS3-O=Sphingobium-G=ahdA1c-T=Query -> U5XKS3-O_Sphingobium-G_ahdA1c-T_Query
D2EAD1-O=Sphingomonas-G=ahdA1c-T=Query -> D2EAD1-O_Sphingomonas-G_ahdA1c-T_Query
G6EL41-O=Novosphingobium-G=ahdA1c-T=Query -> G6EL41-O_Novosphingobium-G_ahdA1c-T_Query
Q83VL2-O=Sphingomonas-G=ahdA1c-T=Query -> Q83VL2-O_Sphingomonas-G_ahdA1c-T_Query
Q45695-O=Burkholderia-G=dntAc-T=BLAST -> Q45695-O_Burkholderia-G_dntAc-T_BLAST
O52382-O=Ralstonia-G=nagAc-T=BLAST -> O52382-O_Ralstonia-G_nagAc-T_BLAST
Q51494-O=Pseudomonas-G=ndoB-T=BLAST -> Q51494-O_Pseudomonas-G_ndoB-T_BLAST
O07824-O=Pseudomonas-G=ndoB-T=BLAST -> O07824-O_Pseudomonas-G_ndoB-T_BLAST
P0A111-O=Pseudomonas-G=doxB-T=BLAST -> P0A111-O_Pseudomonas-G_doxB-T_BLAST
P0A110-O=Pseudomonas-G=ndoB-T=BLAST -> P0A110-O_Pseudomonas-G_ndoB-T_BLAST
Q7N4W0-O=Photorhabdus-G=hcaE-T=BLAST -> Q7N4W0-O_Photorhabdus-G_hcaE-T_BLAST
Q83K39-O=Shigella-G=hcaE-T=BLAST -> Q83K39-O_Shigella-G_hcaE-T_BLAST
Q0T1Y1-O=Shigella-G=hcaE-T=BLAST -> Q0T1Y1-O_Shigella-G_hcaE-T_BLAST
Q31XV2-O=Shigella-G=hcaE-T=BLAST -> Q31XV2-O_Shigella-G_hcaE-T_BLAST
Q3YZ15-O=Shigella-G=hcaE-T=BLAST -> Q3YZ15-O_Shigella-G_hcaE-T_BLAST
P0ABR5-O=Escherichia-G=hcaE-T=BLAST -> P0ABR5-O_Escherichia-G_hcaE-T_BLAST
P0ABR6-O=Escherichia-G=hcaE-T=BLAST -> P0ABR6-O_Escherichia-G_hcaE-T_BLAST
A8A344-O=Escherichia-G=hcaE-T=BLAST -> A8A344-O_Escherichia-G_hcaE-T_BLAST
Q53122-O=Rhodococcus-G=bphA1-T=BLAST -> Q53122-O_Rhodococcus-G_bphA1-T_BLAST
P0C618-O=Pseudomonas-G=bnzA-T=BLAST -> P0C618-O_Pseudomonas-G_bnzA-T_BLAST
A5W4F2-O=Pseudomonas-G=bnzA-T=BLAST -> A5W4F2-O_Pseudomonas-G_bnzA-T_BLAST
Q07944-O=Pseudomonas-G=bedC1-T=BLAST -> Q07944-O_Pseudomonas-G_bedC1-T_BLAST
Q52028-O=Pseudomonas-G=bphA-T=BLAST -> Q52028-O_Pseudomonas-G_bphA-T_BLAST
P37333-O=Paraburkholderia-G=bphA-T=BLAST -> P37333-O_Paraburkholderia-G_bphA-T_BLAST
Q52438-O=Pseudomonas-G=bphA1-T=BLAST -> Q52438-O_Pseudomonas-G_bphA1-T_BLAST
Q46372-O=Comamonas-G=bphA-T=BLAST -> Q46372-O_Comamonas-G_bphA-T_BLAST

                                             Gap/Ambiguity  Composition  p-value
   1  P94679-O_Comamonas-G_tsaM1-T_BLAST            32.81%    passed     38.40%
   2  P0ABR7-O_Escherichia-G_yeaW-T_BLAST           26.09%    passed     88.14%
   3  P0ABR8-O_Escherichia-G_yeaW-T_BLAST           26.09%    passed     88.14%
   4  F0KFI5-O_Acinetobacter-G_yeaW-T_BLAST         26.68%    passed     45.01%
   5  D0C9N6-O_Acinetobacter-G_cntA-T_BLAST         26.68%    passed     64.57%
   6  Q9X404-O_Methylosulfonomonas-G_msmA-T_BLAST   19.96%    failed      3.36%
   7  Q9RBG5-O_Alcaligenes-G_absAa-T_BLAST          22.33%    passed     49.12%
   8  Q51974-O_Pseudomonas-G_cmtAb-T_BLAST          15.42%    passed     77.83%
   9  O85673-O_Acinetobacter-G_antA-T_BLAST          8.30%    passed     90.63%
  10  Q51601-O_Burkholderia-G_cbdA-T_BLAST           8.10%    passed     63.50%
  11  P07769-O_Acinetobacter-G_benA-T_BLAST          8.89%    passed     85.50%
  12  P23099-O_Pseudomonas-G_xylX-T_BLAST           10.28%    passed     89.81%
  13  O52379-O_Ralstonia-G_nagG-T_BLAST             17.00%    passed     16.88%
  14  Q3C1E3-O_Comamonas-G_tphA2I-T_BLAST           18.38%    passed     80.44%
  15  Q3C1D5-O_Comamonas-G_tphA2II-T_BLAST          18.38%    passed     80.57%
  16  Q84BZ3-O_Burkholderia-G_andAc-T_BLAST         16.40%    passed     74.91%
  17  AGZ63455.1-O_Sphingobium-NCBI                 17.00%    passed     85.97%
  18  U5XKS3-O_Sphingobium-G_ahdA1c-T_Query         17.00%    passed     85.97%
  19  D2EAD1-O_Sphingomonas-G_ahdA1c-T_Query        17.00%    passed     65.16%
  20  G6EL41-O_Novosphingobium-G_ahdA1c-T_Query     17.00%    passed     65.16%
  21  Q83VL2-O_Sphingomonas-G_ahdA1c-T_Query        17.00%    passed     67.63%
  22  Q45695-O_Burkholderia-G_dntAc-T_BLAST         10.87%    passed     87.31%
  23  O52382-O_Ralstonia-G_nagAc-T_BLAST            11.66%    passed     82.05%
  24  Q51494-O_Pseudomonas-G_ndoB-T_BLAST           11.26%    passed     48.55%
  25  O07824-O_Pseudomonas-G_ndoB-T_BLAST           11.46%    passed     47.53%
  26  P0A111-O_Pseudomonas-G_doxB-T_BLAST           11.26%    passed     37.46%
  27  P0A110-O_Pseudomonas-G_ndoB-T_BLAST           11.26%    passed     37.46%
  28  Q7N4W0-O_Photorhabdus-G_hcaE-T_BLAST          10.47%    passed     92.21%
  29  Q83K39-O_Shigella-G_hcaE-T_BLAST              10.47%    passed     99.45%
  30  Q0T1Y1-O_Shigella-G_hcaE-T_BLAST              10.47%    passed     99.59%
  31  Q31XV2-O_Shigella-G_hcaE-T_BLAST              10.47%    passed     99.13%
  32  Q3YZ15-O_Shigella-G_hcaE-T_BLAST              10.47%    passed     99.21%
  33  P0ABR5-O_Escherichia-G_hcaE-T_BLAST           10.47%    passed     99.21%
  34  P0ABR6-O_Escherichia-G_hcaE-T_BLAST           10.47%    passed     99.21%
  35  A8A344-O_Escherichia-G_hcaE-T_BLAST           10.47%    passed     99.30%
  36  Q53122-O_Rhodococcus-G_bphA1-T_BLAST           9.09%    passed     43.72%
  37  P0C618-O_Pseudomonas-G_bnzA-T_BLAST           11.07%    passed     94.12%
  38  A5W4F2-O_Pseudomonas-G_bnzA-T_BLAST           11.07%    passed     94.12%
  39  Q07944-O_Pseudomonas-G_bedC1-T_BLAST          11.07%    passed     79.25%
  40  Q52028-O_Pseudomonas-G_bphA-T_BLAST            9.49%    passed     24.56%
  41  P37333-O_Paraburkholderia-G_bphA-T_BLAST       9.29%    passed     71.05%
  42  Q52438-O_Pseudomonas-G_bphA1-T_BLAST          10.08%    passed     21.47%
  43  Q46372-O_Comamonas-G_bphA-T_BLAST              9.68%    passed     82.71%
****  TOTAL                                         14.40%  1 sequences failed composition chi2 test (p-value<5%; df=19)
NOTE: P0ABR8-O_Escherichia-G_yeaW-T_BLAST is identical to P0ABR7-O_Escherichia-G_yeaW-T_BLAST but kept for subsequent analysis
NOTE: U5XKS3-O_Sphingobium-G_ahdA1c-T_Query is identical to AGZ63455.1-O_Sphingobium-NCBI but kept for subsequent analysis
NOTE: G6EL41-O_Novosphingobium-G_ahdA1c-T_Query is identical to D2EAD1-O_Sphingomonas-G_ahdA1c-T_Query but kept for subsequent analysis
NOTE: P0A110-O_Pseudomonas-G_ndoB-T_BLAST is identical to P0A111-O_Pseudomonas-G_doxB-T_BLAST but kept for subsequent analysis
NOTE: P0ABR5-O_Escherichia-G_hcaE-T_BLAST is identical to Q3YZ15-O_Shigella-G_hcaE-T_BLAST but kept for subsequent analysis
NOTE: A5W4F2-O_Pseudomonas-G_bnzA-T_BLAST is identical to P0C618-O_Pseudomonas-G_bnzA-T_BLAST but kept for subsequent analysis
NOTE: 1 identical sequences (see below) will be ignored for subsequent analysis
NOTE: P0ABR6-O_Escherichia-G_hcaE-T_BLAST (identical to Q3YZ15-O_Shigella-G_hcaE-T_BLAST) is ignored but added at the end
Alignment was printed to analyses/phylo/PAH_dioxygenase_c/PAH_dioxygenase_c.trimmed.uniqueseq.phy

For your convenience alignment with unique sequences printed to analyses/phylo/PAH_dioxygenase_c/PAH_dioxygenase_c.trimmed.uniqueseq.phy

Create initial parsimony tree by phylogenetic likelihood library (PLL)... 0.023 seconds
Generating 1000 samples for ultrafast bootstrap (seed: 3333)...

NOTE: 25 MB RAM (0 GB) is required!
Measuring multi-threading efficiency up to 4 CPU cores
Increase to 10 rounds for branch lengths
3 trees examined
Threads: 1 / Time: 5.890 sec / Speedup: 1.000 / Efficiency: 100% / LogL: -34375
Threads: 2 / Time: 5.440 sec / Speedup: 1.083 / Efficiency: 54% / LogL: -34375
Threads: 3 / Time: 5.812 sec / Speedup: 1.013 / Efficiency: 34% / LogL: -34375
BEST NUMBER OF THREADS: 2

Estimate model parameters (epsilon = 0.100)
1. Initial log-likelihood: -19705.272
2. Current log-likelihood: -19368.253
3. Current log-likelihood: -19355.909
4. Current log-likelihood: -19354.928
5. Current log-likelihood: -19354.223
6. Current log-likelihood: -19353.763
7. Current log-likelihood: -19353.493
8. Current log-likelihood: -19353.331
9. Current log-likelihood: -19353.214
Optimal log-likelihood: -19353.081
Site proportion and rates:  (0.055,0.057) (0.077,0.288) (0.108,0.348) (0.175,0.658) (0.234,0.863) (0.301,1.386) (0.050,4.037)
Parameters optimization took 9 rounds (27.299 sec)
Computing ML distances based on estimated model parameters... 0.924 sec
Computing BIONJ tree...
0.002 seconds
Log-likelihood of BIONJ tree: -19356.235
--------------------------------------------------------------------
|             INITIALIZING CANDIDATE TREE SET                      |
--------------------------------------------------------------------
Generating 98 parsimony trees... 1.867 second
Computing log-likelihood of 98 initial trees ... 18.887 seconds
Current best score: -19353.081

Do NNI search on 20 best initial trees
Estimate model parameters (epsilon = 0.100)
BETTER TREE FOUND at iteration 1: -19350.089
Estimate model parameters (epsilon = 0.100)
BETTER TREE FOUND at iteration 2: -19347.924
Iteration 10 / LogL: -19349.916 / Time: 0h:1m:51s
Estimate model parameters (epsilon = 0.100)
BETTER TREE FOUND at iteration 13: -19347.814
Estimate model parameters (epsilon = 0.100)
BETTER TREE FOUND at iteration 14: -19347.709
Estimate model parameters (epsilon = 0.100)
BETTER TREE FOUND at iteration 17: -19347.610
Estimate model parameters (epsilon = 0.100)
UPDATE BEST LOG-LIKELIHOOD: -19347.516
Iteration 20 / LogL: -19347.542 / Time: 0h:2m:45s
Finish initializing candidate tree set (9)
Current best tree score: -19347.516 / CPU time: 119.083
Number of iterations: 20
--------------------------------------------------------------------
|               OPTIMIZING CANDIDATE TREE SET                      |
--------------------------------------------------------------------
UPDATE BEST LOG-LIKELIHOOD: -19347.515
UPDATE BEST LOG-LIKELIHOOD: -19347.506
Iteration 30 / LogL: -19358.277 / Time: 0h:3m:34s (0h:10m:44s left)
UPDATE BEST LOG-LIKELIHOOD: -19347.506
BETTER TREE FOUND at iteration 39: -19347.506
BETTER TREE FOUND at iteration 40: -19347.505
Iteration 40 / LogL: -19347.505 / Time: 0h:4m:21s (0h:11m:10s left)
Iteration 50 / LogL: -19350.206 / Time: 0h:5m:7s (0h:9m:24s left)
Log-likelihood cutoff on original alignment: -19378.247
Iteration 60 / LogL: -19347.946 / Time: 0h:5m:51s (0h:7m:57s left)
UPDATE BEST LOG-LIKELIHOOD: -19347.504
Iteration 70 / LogL: -19349.534 / Time: 0h:6m:41s (0h:6m:47s left)
UPDATE BEST LOG-LIKELIHOOD: -19347.504
UPDATE BEST LOG-LIKELIHOOD: -19347.504
Iteration 80 / LogL: -19349.604 / Time: 0h:7m:35s (0h:5m:46s left)
Iteration 90 / LogL: -19348.493 / Time: 0h:8m:22s (0h:4m:42s left)
Iteration 100 / LogL: -19347.505 / Time: 0h:9m:5s (0h:3m:40s left)
Log-likelihood cutoff on original alignment: -19377.626
NOTE: Bootstrap correlation coefficient of split occurrence frequencies: 0.999
Iteration 110 / LogL: -19358.278 / Time: 0h:9m:52s (0h:8m:8s left)
Iteration 120 / LogL: -19347.512 / Time: 0h:10m:38s (0h:7m:9s left)
Iteration 130 / LogL: -19349.539 / Time: 0h:11m:26s (0h:6m:12s left)
Iteration 140 / LogL: -19347.782 / Time: 0h:12m:12s (0h:5m:16s left)
TREE SEARCH COMPLETED AFTER 141 ITERATIONS / Time: 0h:12m:18s

--------------------------------------------------------------------
|                    FINALIZING TREE SEARCH                        |
--------------------------------------------------------------------
Performs final model parameters optimization
Estimate model parameters (epsilon = 0.010)
1. Initial log-likelihood: -19347.504
2. Current log-likelihood: -19347.455
3. Current log-likelihood: -19347.378
4. Current log-likelihood: -19347.303
5. Current log-likelihood: -19347.229
6. Current log-likelihood: -19347.156
7. Current log-likelihood: -19347.087
8. Current log-likelihood: -19347.018
9. Current log-likelihood: -19346.952
10. Current log-likelihood: -19346.886
11. Current log-likelihood: -19346.823
12. Current log-likelihood: -19346.761
13. Current log-likelihood: -19346.701
14. Current log-likelihood: -19346.642
15. Current log-likelihood: -19346.585
16. Current log-likelihood: -19346.530
17. Current log-likelihood: -19346.476
18. Current log-likelihood: -19346.423
19. Current log-likelihood: -19346.371
20. Current log-likelihood: -19346.321
21. Current log-likelihood: -19346.274
22. Current log-likelihood: -19346.227
23. Current log-likelihood: -19346.181
24. Current log-likelihood: -19346.135
25. Current log-likelihood: -19346.091
26. Current log-likelihood: -19346.048
27. Current log-likelihood: -19346.005
28. Current log-likelihood: -19345.964
29. Current log-likelihood: -19345.925
30. Current log-likelihood: -19345.887
31. Current log-likelihood: -19345.849
32. Current log-likelihood: -19345.809
33. Current log-likelihood: -19345.771
34. Current log-likelihood: -19345.734
35. Current log-likelihood: -19345.696
36. Current log-likelihood: -19345.660
37. Current log-likelihood: -19345.623
38. Current log-likelihood: -19345.589
39. Current log-likelihood: -19345.553
40. Current log-likelihood: -19345.520
41. Current log-likelihood: -19345.485
42. Current log-likelihood: -19345.452
43. Current log-likelihood: -19345.419
44. Current log-likelihood: -19345.386
45. Current log-likelihood: -19345.354
46. Current log-likelihood: -19345.323
47. Current log-likelihood: -19345.292
48. Current log-likelihood: -19345.261
49. Current log-likelihood: -19345.241
50. Current log-likelihood: -19345.212
51. Current log-likelihood: -19345.183
52. Current log-likelihood: -19345.164
53. Current log-likelihood: -19345.135
54. Current log-likelihood: -19345.108
55. Current log-likelihood: -19345.089
56. Current log-likelihood: -19345.071
57. Current log-likelihood: -19345.053
58. Current log-likelihood: -19345.026
59. Current log-likelihood: -19345.009
60. Current log-likelihood: -19344.992
61. Current log-likelihood: -19344.975
62. Current log-likelihood: -19344.958
63. Current log-likelihood: -19344.941
64. Current log-likelihood: -19344.923
65. Current log-likelihood: -19344.898
66. Current log-likelihood: -19344.882
67. Current log-likelihood: -19344.857
68. Current log-likelihood: -19344.843
69. Current log-likelihood: -19344.828
70. Current log-likelihood: -19344.813
71. Current log-likelihood: -19344.798
72. Current log-likelihood: -19344.783
73. Current log-likelihood: -19344.768
74. Current log-likelihood: -19344.754
75. Current log-likelihood: -19344.740
76. Current log-likelihood: -19344.725
77. Current log-likelihood: -19344.711
78. Current log-likelihood: -19344.697
79. Current log-likelihood: -19344.683
80. Current log-likelihood: -19344.669
81. Current log-likelihood: -19344.655
82. Current log-likelihood: -19344.642
83. Current log-likelihood: -19344.629
84. Current log-likelihood: -19344.616
85. Current log-likelihood: -19344.604
86. Current log-likelihood: -19344.591
87. Current log-likelihood: -19344.579
88. Current log-likelihood: -19344.568
89. Current log-likelihood: -19344.556
90. Current log-likelihood: -19344.545
91. Current log-likelihood: -19344.534
92. Current log-likelihood: -19344.524
Optimal log-likelihood: -19344.509
Site proportion and rates:  (0.047,0.034) (0.074,0.304) (0.107,0.304) (0.220,0.715) (0.146,0.716) (0.355,1.343) (0.052,3.969)
Parameters optimization took 92 rounds (252.166 sec)
BEST SCORE FOUND : -19344.509
Creating bootstrap support values...
Split supports printed to NEXUS file analyses/phylo/PAH_dioxygenase_c/PAH_dioxygenase_c.trimmed.splits.nex
Total tree length: 24.913

Total number of iterations: 141
CPU time used for tree search: 1377.273 sec (0h:22m:57s)
Wall-clock time used for tree search: 691.622 sec (0h:11m:31s)
Total CPU time used: 1971.846 sec (0h:32m:51s)
Total wall-clock time used: 990.478 sec (0h:16m:30s)

Computing bootstrap consensus tree...
Reading input file analyses/phylo/PAH_dioxygenase_c/PAH_dioxygenase_c.trimmed.splits.nex...
42 taxa and 198 splits.
Consensus tree written to analyses/phylo/PAH_dioxygenase_c/PAH_dioxygenase_c.trimmed.contree
Reading input trees file analyses/phylo/PAH_dioxygenase_c/PAH_dioxygenase_c.trimmed.contree
Log-likelihood of consensus tree: -19344.515

Analysis results written to: 
  IQ-TREE report:                analyses/phylo/PAH_dioxygenase_c/PAH_dioxygenase_c.trimmed.iqtree
  Maximum-likelihood tree:       analyses/phylo/PAH_dioxygenase_c/PAH_dioxygenase_c.trimmed.treefile
  Likelihood distances:          analyses/phylo/PAH_dioxygenase_c/PAH_dioxygenase_c.trimmed.mldist

Ultrafast bootstrap approximation results written to:
  Split support values:          analyses/phylo/PAH_dioxygenase_c/PAH_dioxygenase_c.trimmed.splits.nex
  Consensus tree:                analyses/phylo/PAH_dioxygenase_c/PAH_dioxygenase_c.trimmed.contree
  Screen log file:               analyses/phylo/PAH_dioxygenase_c/PAH_dioxygenase_c.trimmed.log

Date and Time: Thu Sep  3 16:21:41 2020
