IQ-TREE multicore version 2.0.3 for Linux 64-bit built Apr 26 2020
Developed by Bui Quang Minh, Nguyen Lam Tung, Olga Chernomor,
Heiko Schmidt, Dominik Schrempf, Michael Woodhams.

Host:    terminal (AVX2, FMA3, 3 GB RAM)
Command: iqtree -s analyses/phylo/Ethylbenzene_dioxygenase/Ethylbenzene_dioxygenase.trimmed -m LG+R7 -B 1000 -T AUTO -seed 3333
Seed:    3333 (Using SPRNG - Scalable Parallel Random Number Generator)
Time:    Thu Sep  3 11:34:56 2020
Kernel:  AVX+FMA - auto-detect threads (4 CPU cores detected)

Reading alignment file analyses/phylo/Ethylbenzene_dioxygenase/Ethylbenzene_dioxygenase.trimmed ... Fasta format detected
Alignment most likely contains protein sequences
Alignment has 40 sequences with 531 columns, 524 distinct patterns
454 parsimony-informative, 49 singleton sites, 28 constant sites
WARNING: Some sequence names are changed as follows:
G2IN04-O=Sphingobium-G=ligXa-T=BLAST -> G2IN04-O_Sphingobium-G_ligXa-T_BLAST
P0ABR7-O=Escherichia-G=yeaW-T=BLAST -> P0ABR7-O_Escherichia-G_yeaW-T_BLAST
P0ABR8-O=Escherichia-G=yeaW-T=BLAST -> P0ABR8-O_Escherichia-G_yeaW-T_BLAST
F0KFI5-O=Acinetobacter-G=yeaW-T=BLAST -> F0KFI5-O_Acinetobacter-G_yeaW-T_BLAST
D0C9N6-O=Acinetobacter-G=cntA-T=BLAST -> D0C9N6-O_Acinetobacter-G_cntA-T_BLAST
Q9RBG5-O=Alcaligenes-G=absAa-T=BLAST -> Q9RBG5-O_Alcaligenes-G_absAa-T_BLAST
Q9X404-O=Methylosulfonomonas-G=msmA-T=BLAST -> Q9X404-O_Methylosulfonomonas-G_msmA-T_BLAST
Q51974-O=Pseudomonas-G=cmtAb-T=BLAST -> Q51974-O_Pseudomonas-G_cmtAb-T_BLAST
O85673-O=Acinetobacter-G=antA-T=BLAST -> O85673-O_Acinetobacter-G_antA-T_BLAST
Q51601-O=Burkholderia-G=cbdA-T=BLAST -> Q51601-O_Burkholderia-G_cbdA-T_BLAST
P07769-O=Acinetobacter-G=benA-T=BLAST -> P07769-O_Acinetobacter-G_benA-T_BLAST
P23099-O=Pseudomonas-G=xylX-T=BLAST -> P23099-O_Pseudomonas-G_xylX-T_BLAST
O52379-O=Ralstonia-G=nagG-T=BLAST -> O52379-O_Ralstonia-G_nagG-T_BLAST
Q84BZ3-O=Burkholderia-G=andAc-T=BLAST -> Q84BZ3-O_Burkholderia-G_andAc-T_BLAST
Q3C1E3-O=Comamonas-G=tphA2I-T=BLAST -> Q3C1E3-O_Comamonas-G_tphA2I-T_BLAST
Q3C1D5-O=Comamonas-G=tphA2II-T=BLAST -> Q3C1D5-O_Comamonas-G_tphA2II-T_BLAST
Q45695-O=Burkholderia-G=dntAc-T=BLAST -> Q45695-O_Burkholderia-G_dntAc-T_BLAST
O52382-O=Ralstonia-G=nagAc-T=BLAST -> O52382-O_Ralstonia-G_nagAc-T_BLAST
Q51494-O=Pseudomonas-G=ndoB-T=BLAST -> Q51494-O_Pseudomonas-G_ndoB-T_BLAST
P0A111-O=Pseudomonas-G=doxB-T=BLAST -> P0A111-O_Pseudomonas-G_doxB-T_BLAST
P0A110-O=Pseudomonas-G=ndoB-T=BLAST -> P0A110-O_Pseudomonas-G_ndoB-T_BLAST
O07824-O=Pseudomonas-G=ndoB-T=BLAST -> O07824-O_Pseudomonas-G_ndoB-T_BLAST
BAC92718.1-O=Rhodococcus-NCBI -> BAC92718.1-O_Rhodococcus-NCBI
Q75WN5-O=Rhodococcus-G=ebdA1-T=Query -> Q75WN5-O_Rhodococcus-G_ebdA1-T_Query
Q7N4W0-O=Photorhabdus-G=hcaE-T=BLAST -> Q7N4W0-O_Photorhabdus-G_hcaE-T_BLAST
Q83K39-O=Shigella-G=hcaE-T=BLAST -> Q83K39-O_Shigella-G_hcaE-T_BLAST
Q0T1Y1-O=Shigella-G=hcaE-T=BLAST -> Q0T1Y1-O_Shigella-G_hcaE-T_BLAST
Q31XV2-O=Shigella-G=hcaE-T=BLAST -> Q31XV2-O_Shigella-G_hcaE-T_BLAST
Q3YZ15-O=Shigella-G=hcaE-T=BLAST -> Q3YZ15-O_Shigella-G_hcaE-T_BLAST
P0ABR5-O=Escherichia-G=hcaE-T=BLAST -> P0ABR5-O_Escherichia-G_hcaE-T_BLAST
P0ABR6-O=Escherichia-G=hcaE-T=BLAST -> P0ABR6-O_Escherichia-G_hcaE-T_BLAST
A8A344-O=Escherichia-G=hcaE-T=BLAST -> A8A344-O_Escherichia-G_hcaE-T_BLAST
Q53122-O=Rhodococcus-G=bphA1-T=BLAST -> Q53122-O_Rhodococcus-G_bphA1-T_BLAST
P0C618-O=Pseudomonas-G=bnzA-T=BLAST -> P0C618-O_Pseudomonas-G_bnzA-T_BLAST
A5W4F2-O=Pseudomonas-G=bnzA-T=BLAST -> A5W4F2-O_Pseudomonas-G_bnzA-T_BLAST
Q07944-O=Pseudomonas-G=bedC1-T=BLAST -> Q07944-O_Pseudomonas-G_bedC1-T_BLAST
Q52028-O=Pseudomonas-G=bphA-T=BLAST -> Q52028-O_Pseudomonas-G_bphA-T_BLAST
P37333-O=Paraburkholderia-G=bphA-T=BLAST -> P37333-O_Paraburkholderia-G_bphA-T_BLAST
Q46372-O=Comamonas-G=bphA-T=BLAST -> Q46372-O_Comamonas-G_bphA-T_BLAST
Q52438-O=Pseudomonas-G=bphA1-T=BLAST -> Q52438-O_Pseudomonas-G_bphA1-T_BLAST

                                             Gap/Ambiguity  Composition  p-value
   1  G2IN04-O_Sphingobium-G_ligXa-T_BLAST          27.31%    passed     16.90%
   2  P0ABR7-O_Escherichia-G_yeaW-T_BLAST           29.57%    passed     89.30%
   3  P0ABR8-O_Escherichia-G_yeaW-T_BLAST           29.57%    passed     89.30%
   4  F0KFI5-O_Acinetobacter-G_yeaW-T_BLAST         30.13%    passed     44.18%
   5  D0C9N6-O_Acinetobacter-G_cntA-T_BLAST         30.13%    passed     64.37%
   6  Q9RBG5-O_Alcaligenes-G_absAa-T_BLAST          25.99%    passed     44.26%
   7  Q9X404-O_Methylosulfonomonas-G_msmA-T_BLAST   23.92%    passed      7.17%
   8  Q51974-O_Pseudomonas-G_cmtAb-T_BLAST          20.34%    passed     82.51%
   9  O85673-O_Acinetobacter-G_antA-T_BLAST         12.05%    passed     67.68%
  10  Q51601-O_Burkholderia-G_cbdA-T_BLAST          14.50%    passed     63.19%
  11  P07769-O_Acinetobacter-G_benA-T_BLAST         14.31%    passed     90.09%
  12  P23099-O_Pseudomonas-G_xylX-T_BLAST           15.63%    passed     94.49%
  13  O52379-O_Ralstonia-G_nagG-T_BLAST             21.09%    passed     23.92%
  14  Q84BZ3-O_Burkholderia-G_andAc-T_BLAST         20.53%    passed     68.22%
  15  Q3C1E3-O_Comamonas-G_tphA2I-T_BLAST           22.22%    passed     73.40%
  16  Q3C1D5-O_Comamonas-G_tphA2II-T_BLAST          22.22%    passed     72.99%
  17  Q45695-O_Burkholderia-G_dntAc-T_BLAST         15.07%    passed     85.05%
  18  O52382-O_Ralstonia-G_nagAc-T_BLAST            15.82%    passed     84.90%
  19  Q51494-O_Pseudomonas-G_ndoB-T_BLAST           15.44%    passed     54.89%
  20  P0A111-O_Pseudomonas-G_doxB-T_BLAST           15.44%    passed     43.83%
  21  P0A110-O_Pseudomonas-G_ndoB-T_BLAST           15.44%    passed     43.83%
  22  O07824-O_Pseudomonas-G_ndoB-T_BLAST           15.63%    passed     51.69%
  23  BAC92718.1-O_Rhodococcus-NCBI                 14.12%    passed     77.96%
  24  Q75WN5-O_Rhodococcus-G_ebdA1-T_Query          14.12%    passed     77.96%
  25  Q7N4W0-O_Photorhabdus-G_hcaE-T_BLAST          14.69%    passed     84.38%
  26  Q83K39-O_Shigella-G_hcaE-T_BLAST              14.69%    passed     99.05%
  27  Q0T1Y1-O_Shigella-G_hcaE-T_BLAST              14.69%    passed     99.22%
  28  Q31XV2-O_Shigella-G_hcaE-T_BLAST              14.69%    passed     98.54%
  29  Q3YZ15-O_Shigella-G_hcaE-T_BLAST              14.69%    passed     98.62%
  30  P0ABR5-O_Escherichia-G_hcaE-T_BLAST           14.69%    passed     98.62%
  31  P0ABR6-O_Escherichia-G_hcaE-T_BLAST           14.69%    passed     98.62%
  32  A8A344-O_Escherichia-G_hcaE-T_BLAST           14.69%    passed     98.81%
  33  Q53122-O_Rhodococcus-G_bphA1-T_BLAST          13.37%    passed     45.09%
  34  P0C618-O_Pseudomonas-G_bnzA-T_BLAST           15.25%    passed     95.76%
  35  A5W4F2-O_Pseudomonas-G_bnzA-T_BLAST           15.25%    passed     95.76%
  36  Q07944-O_Pseudomonas-G_bedC1-T_BLAST          15.25%    passed     84.88%
  37  Q52028-O_Pseudomonas-G_bphA-T_BLAST           13.75%    passed     32.48%
  38  P37333-O_Paraburkholderia-G_bphA-T_BLAST      13.56%    passed     76.32%
  39  Q46372-O_Comamonas-G_bphA-T_BLAST             13.94%    passed     89.42%
  40  Q52438-O_Pseudomonas-G_bphA1-T_BLAST          14.31%    passed     33.13%
****  TOTAL                                         17.82%  0 sequences failed composition chi2 test (p-value<5%; df=19)
NOTE: P0ABR8-O_Escherichia-G_yeaW-T_BLAST is identical to P0ABR7-O_Escherichia-G_yeaW-T_BLAST but kept for subsequent analysis
NOTE: P0A110-O_Pseudomonas-G_ndoB-T_BLAST is identical to P0A111-O_Pseudomonas-G_doxB-T_BLAST but kept for subsequent analysis
NOTE: Q75WN5-O_Rhodococcus-G_ebdA1-T_Query is identical to BAC92718.1-O_Rhodococcus-NCBI but kept for subsequent analysis
NOTE: P0ABR5-O_Escherichia-G_hcaE-T_BLAST is identical to Q3YZ15-O_Shigella-G_hcaE-T_BLAST but kept for subsequent analysis
NOTE: A5W4F2-O_Pseudomonas-G_bnzA-T_BLAST is identical to P0C618-O_Pseudomonas-G_bnzA-T_BLAST but kept for subsequent analysis
NOTE: 1 identical sequences (see below) will be ignored for subsequent analysis
NOTE: P0ABR6-O_Escherichia-G_hcaE-T_BLAST (identical to Q3YZ15-O_Shigella-G_hcaE-T_BLAST) is ignored but added at the end
Alignment was printed to analyses/phylo/Ethylbenzene_dioxygenase/Ethylbenzene_dioxygenase.trimmed.uniqueseq.phy

For your convenience alignment with unique sequences printed to analyses/phylo/Ethylbenzene_dioxygenase/Ethylbenzene_dioxygenase.trimmed.uniqueseq.phy

Create initial parsimony tree by phylogenetic likelihood library (PLL)... 0.017 seconds
Generating 1000 samples for ultrafast bootstrap (seed: 3333)...

NOTE: 25 MB RAM (0 GB) is required!
Measuring multi-threading efficiency up to 4 CPU cores
12 trees examined
Threads: 1 / Time: 4.124 sec / Speedup: 1.000 / Efficiency: 100% / LogL: -31924
Threads: 2 / Time: 5.253 sec / Speedup: 0.785 / Efficiency: 39% / LogL: -31924
BEST NUMBER OF THREADS: 1

Estimate model parameters (epsilon = 0.100)
1. Initial log-likelihood: -19447.571
2. Current log-likelihood: -19048.291
3. Current log-likelihood: -19037.051
4. Current log-likelihood: -19036.853
Optimal log-likelihood: -19036.781
Site proportion and rates:  (0.062,0.058) (0.055,0.280) (0.121,0.441) (0.171,0.592) (0.230,0.951) (0.258,1.150) (0.103,3.016)
Parameters optimization took 4 rounds (26.890 sec)
Computing ML distances based on estimated model parameters... 0.731 sec
Computing BIONJ tree...
0.002 seconds
Log-likelihood of BIONJ tree: -19028.494
--------------------------------------------------------------------
|             INITIALIZING CANDIDATE TREE SET                      |
--------------------------------------------------------------------
Generating 98 parsimony trees... 2.400 second
Computing log-likelihood of 98 initial trees ... 34.374 seconds
Current best score: -19028.494

Do NNI search on 20 best initial trees
Estimate model parameters (epsilon = 0.100)
BETTER TREE FOUND at iteration 1: -19028.178
Iteration 10 / LogL: -19028.307 / Time: 0h:2m:41s
Iteration 20 / LogL: -19028.395 / Time: 0h:4m:21s
Finish initializing candidate tree set (11)
Current best tree score: -19028.178 / CPU time: 221.579
Number of iterations: 20
--------------------------------------------------------------------
|               OPTIMIZING CANDIDATE TREE SET                      |
--------------------------------------------------------------------
UPDATE BEST LOG-LIKELIHOOD: -19028.177
Iteration 30 / LogL: -19028.362 / Time: 0h:6m:7s (0h:14m:59s left)
Iteration 40 / LogL: -19028.186 / Time: 0h:8m:33s (0h:13m:22s left)
Iteration 50 / LogL: -19201.687 / Time: 0h:11m:38s (0h:12m:7s left)
Log-likelihood cutoff on original alignment: -19053.263
Iteration 60 / LogL: -19028.362 / Time: 0h:12m:39s (0h:8m:47s left)
Iteration 70 / LogL: -19028.307 / Time: 0h:13m:36s (0h:6m:7s left)
Iteration 80 / LogL: -19028.362 / Time: 0h:14m:28s (0h:3m:50s left)
UPDATE BEST LOG-LIKELIHOOD: -19028.176
Iteration 90 / LogL: -19028.234 / Time: 0h:15m:23s (0h:1m:54s left)
Iteration 100 / LogL: -19028.308 / Time: 0h:16m:8s (0h:0m:9s left)
Log-likelihood cutoff on original alignment: -19053.728
NOTE: Bootstrap correlation coefficient of split occurrence frequencies: 0.997
TREE SEARCH COMPLETED AFTER 102 ITERATIONS / Time: 0h:16m:18s

--------------------------------------------------------------------
|                    FINALIZING TREE SEARCH                        |
--------------------------------------------------------------------
Performs final model parameters optimization
Estimate model parameters (epsilon = 0.010)
1. Initial log-likelihood: -19028.176
2. Current log-likelihood: -19028.155
3. Current log-likelihood: -19028.137
4. Current log-likelihood: -19028.121
5. Current log-likelihood: -19028.105
6. Current log-likelihood: -19028.089
7. Current log-likelihood: -19028.073
8. Current log-likelihood: -19028.057
9. Current log-likelihood: -19028.042
10. Current log-likelihood: -19028.027
11. Current log-likelihood: -19028.013
12. Current log-likelihood: -19027.999
13. Current log-likelihood: -19027.985
14. Current log-likelihood: -19027.972
15. Current log-likelihood: -19027.959
16. Current log-likelihood: -19027.946
17. Current log-likelihood: -19027.934
18. Current log-likelihood: -19027.922
19. Current log-likelihood: -19027.910
20. Current log-likelihood: -19027.898
21. Current log-likelihood: -19027.887
22. Current log-likelihood: -19027.876
23. Current log-likelihood: -19027.865
24. Current log-likelihood: -19027.854
25. Current log-likelihood: -19027.843
Optimal log-likelihood: -19027.828
Site proportion and rates:  (0.060,0.054) (0.053,0.290) (0.113,0.445) (0.179,0.551) (0.223,1.013) (0.266,1.091) (0.106,2.980)
Parameters optimization took 25 rounds (57.539 sec)
BEST SCORE FOUND : -19027.828
Creating bootstrap support values...
Split supports printed to NEXUS file analyses/phylo/Ethylbenzene_dioxygenase/Ethylbenzene_dioxygenase.trimmed.splits.nex
Total tree length: 24.504

Total number of iterations: 102
CPU time used for tree search: 936.584 sec (0h:15m:36s)
Wall-clock time used for tree search: 938.200 sec (0h:15m:38s)
Total CPU time used: 1039.158 sec (0h:17m:19s)
Total wall-clock time used: 1035.868 sec (0h:17m:15s)

Computing bootstrap consensus tree...
Reading input file analyses/phylo/Ethylbenzene_dioxygenase/Ethylbenzene_dioxygenase.trimmed.splits.nex...
39 taxa and 198 splits.
Consensus tree written to analyses/phylo/Ethylbenzene_dioxygenase/Ethylbenzene_dioxygenase.trimmed.contree
Reading input trees file analyses/phylo/Ethylbenzene_dioxygenase/Ethylbenzene_dioxygenase.trimmed.contree
Log-likelihood of consensus tree: -19032.448

Analysis results written to: 
  IQ-TREE report:                analyses/phylo/Ethylbenzene_dioxygenase/Ethylbenzene_dioxygenase.trimmed.iqtree
  Maximum-likelihood tree:       analyses/phylo/Ethylbenzene_dioxygenase/Ethylbenzene_dioxygenase.trimmed.treefile
  Likelihood distances:          analyses/phylo/Ethylbenzene_dioxygenase/Ethylbenzene_dioxygenase.trimmed.mldist

Ultrafast bootstrap approximation results written to:
  Split support values:          analyses/phylo/Ethylbenzene_dioxygenase/Ethylbenzene_dioxygenase.trimmed.splits.nex
  Consensus tree:                analyses/phylo/Ethylbenzene_dioxygenase/Ethylbenzene_dioxygenase.trimmed.contree
  Screen log file:               analyses/phylo/Ethylbenzene_dioxygenase/Ethylbenzene_dioxygenase.trimmed.log

Date and Time: Thu Sep  3 11:52:14 2020
