IQ-TREE multicore version 2.0.3 for Linux 64-bit built Apr 26 2020
Developed by Bui Quang Minh, Nguyen Lam Tung, Olga Chernomor,
Heiko Schmidt, Dominik Schrempf, Michael Woodhams.

Host:    terminal (AVX2, FMA3, 3 GB RAM)
Command: iqtree -s analyses/phylo/PAH_dioxygenase_a/PAH_dioxygenase_a.trimmed -m LG+R7 -B 1000 -T AUTO -seed 3333
Seed:    3333 (Using SPRNG - Scalable Parallel Random Number Generator)
Time:    Thu Sep  3 15:29:57 2020
Kernel:  AVX+FMA - auto-detect threads (4 CPU cores detected)

Reading alignment file analyses/phylo/PAH_dioxygenase_a/PAH_dioxygenase_a.trimmed ... Fasta format detected
Alignment most likely contains protein sequences
Alignment has 39 sequences with 541 columns, 531 distinct patterns
451 parsimony-informative, 56 singleton sites, 34 constant sites
WARNING: Some sequence names are changed as follows:
P0ABR7-O=Escherichia-G=yeaW-T=BLAST -> P0ABR7-O_Escherichia-G_yeaW-T_BLAST
P0ABR8-O=Escherichia-G=yeaW-T=BLAST -> P0ABR8-O_Escherichia-G_yeaW-T_BLAST
F0KFI5-O=Acinetobacter-G=yeaW-T=BLAST -> F0KFI5-O_Acinetobacter-G_yeaW-T_BLAST
D0C9N6-O=Acinetobacter-G=cntA-T=BLAST -> D0C9N6-O_Acinetobacter-G_cntA-T_BLAST
Q9X404-O=Methylosulfonomonas-G=msmA-T=BLAST -> Q9X404-O_Methylosulfonomonas-G_msmA-T_BLAST
Q9RBG5-O=Alcaligenes-G=absAa-T=BLAST -> Q9RBG5-O_Alcaligenes-G_absAa-T_BLAST
Q51974-O=Pseudomonas-G=cmtAb-T=BLAST -> Q51974-O_Pseudomonas-G_cmtAb-T_BLAST
O85673-O=Acinetobacter-G=antA-T=BLAST -> O85673-O_Acinetobacter-G_antA-T_BLAST
Q51601-O=Burkholderia-G=cbdA-T=BLAST -> Q51601-O_Burkholderia-G_cbdA-T_BLAST
P23099-O=Pseudomonas-G=xylX-T=BLAST -> P23099-O_Pseudomonas-G_xylX-T_BLAST
P07769-O=Acinetobacter-G=benA-T=BLAST -> P07769-O_Acinetobacter-G_benA-T_BLAST
O52379-O=Ralstonia-G=nagG-T=BLAST -> O52379-O_Ralstonia-G_nagG-T_BLAST
Q84BZ3-O=Burkholderia-G=andAc-T=BLAST -> Q84BZ3-O_Burkholderia-G_andAc-T_BLAST
Q3C1E3-O=Comamonas-G=tphA2I-T=BLAST -> Q3C1E3-O_Comamonas-G_tphA2I-T_BLAST
Q3C1D5-O=Comamonas-G=tphA2II-T=BLAST -> Q3C1D5-O_Comamonas-G_tphA2II-T_BLAST
Q45695-O=Burkholderia-G=dntAc-T=BLAST -> Q45695-O_Burkholderia-G_dntAc-T_BLAST
O52382-O=Ralstonia-G=nagAc-T=BLAST -> O52382-O_Ralstonia-G_nagAc-T_BLAST
Q51494-O=Pseudomonas-G=ndoB-T=BLAST -> Q51494-O_Pseudomonas-G_ndoB-T_BLAST
O07824-O=Pseudomonas-G=ndoB-T=BLAST -> O07824-O_Pseudomonas-G_ndoB-T_BLAST
P0A111-O=Pseudomonas-G=doxB-T=BLAST -> P0A111-O_Pseudomonas-G_doxB-T_BLAST
P0A110-O=Pseudomonas-G=ndoB-T=BLAST -> P0A110-O_Pseudomonas-G_ndoB-T_BLAST
BAC65448.1-O=Sphingomonas-NCBI -> BAC65448.1-O_Sphingomonas-NCBI
Q83VJ1-O=Sphingomonas-G=ahdA1a-T=Query -> Q83VJ1-O_Sphingomonas-G_ahdA1a-T_Query
Q7N4W0-O=Photorhabdus-G=hcaE-T=BLAST -> Q7N4W0-O_Photorhabdus-G_hcaE-T_BLAST
Q0T1Y1-O=Shigella-G=hcaE-T=BLAST -> Q0T1Y1-O_Shigella-G_hcaE-T_BLAST
Q83K39-O=Shigella-G=hcaE-T=BLAST -> Q83K39-O_Shigella-G_hcaE-T_BLAST
Q31XV2-O=Shigella-G=hcaE-T=BLAST -> Q31XV2-O_Shigella-G_hcaE-T_BLAST
Q3YZ15-O=Shigella-G=hcaE-T=BLAST -> Q3YZ15-O_Shigella-G_hcaE-T_BLAST
P0ABR5-O=Escherichia-G=hcaE-T=BLAST -> P0ABR5-O_Escherichia-G_hcaE-T_BLAST
P0ABR6-O=Escherichia-G=hcaE-T=BLAST -> P0ABR6-O_Escherichia-G_hcaE-T_BLAST
A8A344-O=Escherichia-G=hcaE-T=BLAST -> A8A344-O_Escherichia-G_hcaE-T_BLAST
Q53122-O=Rhodococcus-G=bphA1-T=BLAST -> Q53122-O_Rhodococcus-G_bphA1-T_BLAST
P0C618-O=Pseudomonas-G=bnzA-T=BLAST -> P0C618-O_Pseudomonas-G_bnzA-T_BLAST
A5W4F2-O=Pseudomonas-G=bnzA-T=BLAST -> A5W4F2-O_Pseudomonas-G_bnzA-T_BLAST
Q07944-O=Pseudomonas-G=bedC1-T=BLAST -> Q07944-O_Pseudomonas-G_bedC1-T_BLAST
Q52028-O=Pseudomonas-G=bphA-T=BLAST -> Q52028-O_Pseudomonas-G_bphA-T_BLAST
P37333-O=Paraburkholderia-G=bphA-T=BLAST -> P37333-O_Paraburkholderia-G_bphA-T_BLAST
Q46372-O=Comamonas-G=bphA-T=BLAST -> Q46372-O_Comamonas-G_bphA-T_BLAST
Q52438-O=Pseudomonas-G=bphA1-T=BLAST -> Q52438-O_Pseudomonas-G_bphA1-T_BLAST

                                             Gap/Ambiguity  Composition  p-value
   1  P0ABR7-O_Escherichia-G_yeaW-T_BLAST           30.87%    passed     90.56%
   2  P0ABR8-O_Escherichia-G_yeaW-T_BLAST           30.87%    passed     90.56%
   3  F0KFI5-O_Acinetobacter-G_yeaW-T_BLAST         31.42%    passed     43.89%
   4  D0C9N6-O_Acinetobacter-G_cntA-T_BLAST         31.42%    passed     64.61%
   5  Q9X404-O_Methylosulfonomonas-G_msmA-T_BLAST   25.14%    failed      3.65%
   6  Q9RBG5-O_Alcaligenes-G_absAa-T_BLAST          27.73%    passed     42.13%
   7  Q51974-O_Pseudomonas-G_cmtAb-T_BLAST          20.15%    passed     81.44%
   8  O85673-O_Acinetobacter-G_antA-T_BLAST         13.31%    passed     74.21%
   9  Q51601-O_Burkholderia-G_cbdA-T_BLAST          15.34%    passed     64.58%
  10  P23099-O_Pseudomonas-G_xylX-T_BLAST           16.08%    passed     90.15%
  11  P07769-O_Acinetobacter-G_benA-T_BLAST         14.79%    passed     89.97%
  12  O52379-O_Ralstonia-G_nagG-T_BLAST             22.37%    passed     15.33%
  13  Q84BZ3-O_Burkholderia-G_andAc-T_BLAST         21.81%    passed     63.45%
  14  Q3C1E3-O_Comamonas-G_tphA2I-T_BLAST           23.66%    passed     73.14%
  15  Q3C1D5-O_Comamonas-G_tphA2II-T_BLAST          23.66%    passed     72.92%
  16  Q45695-O_Burkholderia-G_dntAc-T_BLAST         16.64%    passed     88.55%
  17  O52382-O_Ralstonia-G_nagAc-T_BLAST            17.38%    passed     86.93%
  18  Q51494-O_Pseudomonas-G_ndoB-T_BLAST           17.01%    passed     58.16%
  19  O07824-O_Pseudomonas-G_ndoB-T_BLAST           17.19%    passed     57.52%
  20  P0A111-O_Pseudomonas-G_doxB-T_BLAST           17.01%    passed     49.81%
  21  P0A110-O_Pseudomonas-G_ndoB-T_BLAST           17.01%    passed     49.81%
  22  BAC65448.1-O_Sphingomonas-NCBI                17.19%    passed     74.11%
  23  Q83VJ1-O_Sphingomonas-G_ahdA1a-T_Query        17.19%    passed     74.11%
  24  Q7N4W0-O_Photorhabdus-G_hcaE-T_BLAST          16.27%    passed     89.42%
  25  Q0T1Y1-O_Shigella-G_hcaE-T_BLAST              16.27%    passed     99.60%
  26  Q83K39-O_Shigella-G_hcaE-T_BLAST              16.27%    passed     99.54%
  27  Q31XV2-O_Shigella-G_hcaE-T_BLAST              16.27%    passed     99.22%
  28  Q3YZ15-O_Shigella-G_hcaE-T_BLAST              16.27%    passed     99.25%
  29  P0ABR5-O_Escherichia-G_hcaE-T_BLAST           16.27%    passed     99.25%
  30  P0ABR6-O_Escherichia-G_hcaE-T_BLAST           16.27%    passed     99.25%
  31  A8A344-O_Escherichia-G_hcaE-T_BLAST           16.27%    passed     99.37%
  32  Q53122-O_Rhodococcus-G_bphA1-T_BLAST          14.97%    passed     42.15%
  33  P0C618-O_Pseudomonas-G_bnzA-T_BLAST           16.82%    passed     94.71%
  34  A5W4F2-O_Pseudomonas-G_bnzA-T_BLAST           16.82%    passed     94.71%
  35  Q07944-O_Pseudomonas-G_bedC1-T_BLAST          16.82%    passed     78.76%
  36  Q52028-O_Pseudomonas-G_bphA-T_BLAST           15.34%    passed     29.23%
  37  P37333-O_Paraburkholderia-G_bphA-T_BLAST      15.16%    passed     74.48%
  38  Q46372-O_Comamonas-G_bphA-T_BLAST             15.53%    passed     87.08%
  39  Q52438-O_Pseudomonas-G_bphA1-T_BLAST          15.71%    passed     18.69%
****  TOTAL                                         19.04%  1 sequences failed composition chi2 test (p-value<5%; df=19)
NOTE: P0ABR8-O_Escherichia-G_yeaW-T_BLAST is identical to P0ABR7-O_Escherichia-G_yeaW-T_BLAST but kept for subsequent analysis
NOTE: P0A110-O_Pseudomonas-G_ndoB-T_BLAST is identical to P0A111-O_Pseudomonas-G_doxB-T_BLAST but kept for subsequent analysis
NOTE: Q83VJ1-O_Sphingomonas-G_ahdA1a-T_Query is identical to BAC65448.1-O_Sphingomonas-NCBI but kept for subsequent analysis
NOTE: P0ABR5-O_Escherichia-G_hcaE-T_BLAST is identical to Q3YZ15-O_Shigella-G_hcaE-T_BLAST but kept for subsequent analysis
NOTE: A5W4F2-O_Pseudomonas-G_bnzA-T_BLAST is identical to P0C618-O_Pseudomonas-G_bnzA-T_BLAST but kept for subsequent analysis
NOTE: 1 identical sequences (see below) will be ignored for subsequent analysis
NOTE: P0ABR6-O_Escherichia-G_hcaE-T_BLAST (identical to Q3YZ15-O_Shigella-G_hcaE-T_BLAST) is ignored but added at the end
Alignment was printed to analyses/phylo/PAH_dioxygenase_a/PAH_dioxygenase_a.trimmed.uniqueseq.phy

For your convenience alignment with unique sequences printed to analyses/phylo/PAH_dioxygenase_a/PAH_dioxygenase_a.trimmed.uniqueseq.phy

Create initial parsimony tree by phylogenetic likelihood library (PLL)... 0.018 seconds
Generating 1000 samples for ultrafast bootstrap (seed: 3333)...

NOTE: 24 MB RAM (0 GB) is required!
Measuring multi-threading efficiency up to 4 CPU cores
Increase to 10 rounds for branch lengths
2 trees examined
Threads: 1 / Time: 4.656 sec / Speedup: 1.000 / Efficiency: 100% / LogL: -31013
Threads: 2 / Time: 3.878 sec / Speedup: 1.201 / Efficiency: 60% / LogL: -31013
Threads: 3 / Time: 3.589 sec / Speedup: 1.298 / Efficiency: 43% / LogL: -31013
BEST NUMBER OF THREADS: 2

Estimate model parameters (epsilon = 0.100)
1. Initial log-likelihood: -18461.666
2. Current log-likelihood: -18124.982
3. Current log-likelihood: -18115.816
4. Current log-likelihood: -18115.448
5. Current log-likelihood: -18115.289
Optimal log-likelihood: -18115.181
Site proportion and rates:  (0.071,0.060) (0.065,0.324) (0.124,0.425) (0.172,0.637) (0.220,0.947) (0.263,1.281) (0.085,3.151)
Parameters optimization took 5 rounds (15.981 sec)
Computing ML distances based on estimated model parameters... 0.817 sec
Computing BIONJ tree...
0.002 seconds
Log-likelihood of BIONJ tree: -18106.107
--------------------------------------------------------------------
|             INITIALIZING CANDIDATE TREE SET                      |
--------------------------------------------------------------------
Generating 98 parsimony trees... 1.753 second
Computing log-likelihood of 98 initial trees ... 19.195 seconds
Current best score: -18106.107

Do NNI search on 20 best initial trees
Estimate model parameters (epsilon = 0.100)
BETTER TREE FOUND at iteration 1: -18106.009
BETTER TREE FOUND at iteration 3: -18106.000
UPDATE BEST LOG-LIKELIHOOD: -18106.000
UPDATE BEST LOG-LIKELIHOOD: -18106.000
UPDATE BEST LOG-LIKELIHOOD: -18106.000
Iteration 10 / LogL: -18106.003 / Time: 0h:1m:30s
Iteration 20 / LogL: -18106.068 / Time: 0h:2m:11s
Finish initializing candidate tree set (5)
Current best tree score: -18106.000 / CPU time: 100.890
Number of iterations: 20
--------------------------------------------------------------------
|               OPTIMIZING CANDIDATE TREE SET                      |
--------------------------------------------------------------------
Iteration 30 / LogL: -18106.012 / Time: 0h:2m:56s (0h:7m:25s left)
Iteration 40 / LogL: -18106.008 / Time: 0h:3m:47s (0h:6m:7s left)
Iteration 50 / LogL: -18106.002 / Time: 0h:4m:35s (0h:4m:58s left)
Log-likelihood cutoff on original alignment: -18131.353
Iteration 60 / LogL: -18106.000 / Time: 0h:5m:21s (0h:3m:54s left)
UPDATE BEST LOG-LIKELIHOOD: -18106.000
Iteration 70 / LogL: -18111.245 / Time: 0h:6m:8s (0h:2m:56s left)
Iteration 80 / LogL: -18106.002 / Time: 0h:6m:53s (0h:2m:0s left)
UPDATE BEST LOG-LIKELIHOOD: -18106.000
Iteration 90 / LogL: -18106.000 / Time: 0h:7m:43s (0h:1m:7s left)
UPDATE BEST LOG-LIKELIHOOD: -18106.000
Iteration 100 / LogL: -18106.002 / Time: 0h:8m:32s (0h:0m:15s left)
Log-likelihood cutoff on original alignment: -18131.769
NOTE: Bootstrap correlation coefficient of split occurrence frequencies: 0.998
TREE SEARCH COMPLETED AFTER 104 ITERATIONS / Time: 0h:8m:49s

--------------------------------------------------------------------
|                    FINALIZING TREE SEARCH                        |
--------------------------------------------------------------------
Performs final model parameters optimization
Estimate model parameters (epsilon = 0.010)
1. Initial log-likelihood: -18106.000
2. Current log-likelihood: -18105.945
3. Current log-likelihood: -18105.873
4. Current log-likelihood: -18105.803
5. Current log-likelihood: -18105.735
6. Current log-likelihood: -18105.669
7. Current log-likelihood: -18105.607
8. Current log-likelihood: -18105.550
9. Current log-likelihood: -18105.491
10. Current log-likelihood: -18105.435
11. Current log-likelihood: -18105.382
12. Current log-likelihood: -18105.328
13. Current log-likelihood: -18105.277
14. Current log-likelihood: -18105.228
15. Current log-likelihood: -18105.182
16. Current log-likelihood: -18105.136
17. Current log-likelihood: -18105.092
18. Current log-likelihood: -18105.048
19. Current log-likelihood: -18105.006
20. Current log-likelihood: -18104.966
21. Current log-likelihood: -18104.926
22. Current log-likelihood: -18104.889
23. Current log-likelihood: -18104.853
24. Current log-likelihood: -18104.817
25. Current log-likelihood: -18104.783
26. Current log-likelihood: -18104.749
27. Current log-likelihood: -18104.717
28. Current log-likelihood: -18104.684
29. Current log-likelihood: -18104.653
30. Current log-likelihood: -18104.622
31. Current log-likelihood: -18104.592
32. Current log-likelihood: -18104.563
33. Current log-likelihood: -18104.535
34. Current log-likelihood: -18104.507
35. Current log-likelihood: -18104.480
36. Current log-likelihood: -18104.452
37. Current log-likelihood: -18104.435
38. Current log-likelihood: -18104.411
39. Current log-likelihood: -18104.394
40. Current log-likelihood: -18104.377
41. Current log-likelihood: -18104.352
42. Current log-likelihood: -18104.337
43. Current log-likelihood: -18104.320
44. Current log-likelihood: -18104.303
45. Current log-likelihood: -18104.286
46. Current log-likelihood: -18104.270
47. Current log-likelihood: -18104.254
48. Current log-likelihood: -18104.238
49. Current log-likelihood: -18104.222
50. Current log-likelihood: -18104.208
51. Current log-likelihood: -18104.194
52. Current log-likelihood: -18104.179
53. Current log-likelihood: -18104.165
54. Current log-likelihood: -18104.150
55. Current log-likelihood: -18104.135
56. Current log-likelihood: -18104.121
57. Current log-likelihood: -18104.107
58. Current log-likelihood: -18104.095
59. Current log-likelihood: -18104.081
60. Current log-likelihood: -18104.067
61. Current log-likelihood: -18104.055
62. Current log-likelihood: -18104.043
63. Current log-likelihood: -18104.030
64. Current log-likelihood: -18104.017
65. Current log-likelihood: -18104.005
66. Current log-likelihood: -18103.994
67. Current log-likelihood: -18103.982
68. Current log-likelihood: -18103.969
69. Current log-likelihood: -18103.957
70. Current log-likelihood: -18103.946
71. Current log-likelihood: -18103.934
72. Current log-likelihood: -18103.922
73. Current log-likelihood: -18103.910
74. Current log-likelihood: -18103.899
75. Current log-likelihood: -18103.889
Optimal log-likelihood: -18103.873
Site proportion and rates:  (0.061,0.042) (0.048,0.323) (0.092,0.323) (0.128,0.583) (0.227,0.732) (0.363,1.242) (0.079,3.272)
Parameters optimization took 75 rounds (178.883 sec)
BEST SCORE FOUND : -18103.873
Creating bootstrap support values...
Split supports printed to NEXUS file analyses/phylo/PAH_dioxygenase_a/PAH_dioxygenase_a.trimmed.splits.nex
Total tree length: 20.292

Total number of iterations: 104
CPU time used for tree search: 993.279 sec (0h:16m:33s)
Wall-clock time used for tree search: 499.384 sec (0h:8m:19s)
Total CPU time used: 1408.967 sec (0h:23m:28s)
Total wall-clock time used: 708.682 sec (0h:11m:48s)

Computing bootstrap consensus tree...
Reading input file analyses/phylo/PAH_dioxygenase_a/PAH_dioxygenase_a.trimmed.splits.nex...
38 taxa and 171 splits.
Consensus tree written to analyses/phylo/PAH_dioxygenase_a/PAH_dioxygenase_a.trimmed.contree
Reading input trees file analyses/phylo/PAH_dioxygenase_a/PAH_dioxygenase_a.trimmed.contree
Log-likelihood of consensus tree: -18103.879

Analysis results written to: 
  IQ-TREE report:                analyses/phylo/PAH_dioxygenase_a/PAH_dioxygenase_a.trimmed.iqtree
  Maximum-likelihood tree:       analyses/phylo/PAH_dioxygenase_a/PAH_dioxygenase_a.trimmed.treefile
  Likelihood distances:          analyses/phylo/PAH_dioxygenase_a/PAH_dioxygenase_a.trimmed.mldist

Ultrafast bootstrap approximation results written to:
  Split support values:          analyses/phylo/PAH_dioxygenase_a/PAH_dioxygenase_a.trimmed.splits.nex
  Consensus tree:                analyses/phylo/PAH_dioxygenase_a/PAH_dioxygenase_a.trimmed.contree
  Screen log file:               analyses/phylo/PAH_dioxygenase_a/PAH_dioxygenase_a.trimmed.log

Date and Time: Thu Sep  3 15:41:48 2020
