IQ-TREE multicore version 2.0.3 for Linux 64-bit built Apr 26 2020
Developed by Bui Quang Minh, Nguyen Lam Tung, Olga Chernomor,
Heiko Schmidt, Dominik Schrempf, Michael Woodhams.

Host:    terminal (AVX2, FMA3, 3 GB RAM)
Command: iqtree -s analyses/phylo/PAH_dioxygenase_f/PAH_dioxygenase_f.trimmed -m LG+R7 -B 1000 -T AUTO -seed 3333
Seed:    3333 (Using SPRNG - Scalable Parallel Random Number Generator)
Time:    Thu Sep  3 11:15:30 2020
Kernel:  AVX+FMA - auto-detect threads (4 CPU cores detected)

Reading alignment file analyses/phylo/PAH_dioxygenase_f/PAH_dioxygenase_f.trimmed ... Fasta format detected
Alignment most likely contains protein sequences
Alignment has 40 sequences with 533 columns, 527 distinct patterns
461 parsimony-informative, 54 singleton sites, 18 constant sites
WARNING: Some sequence names are changed as follows:
G2IN04-O=Sphingobium-G=ligXa-T=BLAST -> G2IN04-O_Sphingobium-G_ligXa-T_BLAST
P0ABR7-O=Escherichia-G=yeaW-T=BLAST -> P0ABR7-O_Escherichia-G_yeaW-T_BLAST
P0ABR8-O=Escherichia-G=yeaW-T=BLAST -> P0ABR8-O_Escherichia-G_yeaW-T_BLAST
D0C9N6-O=Acinetobacter-G=cntA-T=BLAST -> D0C9N6-O_Acinetobacter-G_cntA-T_BLAST
F0KFI5-O=Acinetobacter-G=yeaW-T=BLAST -> F0KFI5-O_Acinetobacter-G_yeaW-T_BLAST
Q9RBG5-O=Alcaligenes-G=absAa-T=BLAST -> Q9RBG5-O_Alcaligenes-G_absAa-T_BLAST
Q9X404-O=Methylosulfonomonas-G=msmA-T=BLAST -> Q9X404-O_Methylosulfonomonas-G_msmA-T_BLAST
Q51974-O=Pseudomonas-G=cmtAb-T=BLAST -> Q51974-O_Pseudomonas-G_cmtAb-T_BLAST
O85673-O=Acinetobacter-G=antA-T=BLAST -> O85673-O_Acinetobacter-G_antA-T_BLAST
Q51601-O=Burkholderia-G=cbdA-T=BLAST -> Q51601-O_Burkholderia-G_cbdA-T_BLAST
P07769-O=Acinetobacter-G=benA-T=BLAST -> P07769-O_Acinetobacter-G_benA-T_BLAST
P23099-O=Pseudomonas-G=xylX-T=BLAST -> P23099-O_Pseudomonas-G_xylX-T_BLAST
O52379-O=Ralstonia-G=nagG-T=BLAST -> O52379-O_Ralstonia-G_nagG-T_BLAST
Q84BZ3-O=Burkholderia-G=andAc-T=BLAST -> Q84BZ3-O_Burkholderia-G_andAc-T_BLAST
Q3C1E3-O=Comamonas-G=tphA2I-T=BLAST -> Q3C1E3-O_Comamonas-G_tphA2I-T_BLAST
Q3C1D5-O=Comamonas-G=tphA2II-T=BLAST -> Q3C1D5-O_Comamonas-G_tphA2II-T_BLAST
Q7N4W0-O=Photorhabdus-G=hcaE-T=BLAST -> Q7N4W0-O_Photorhabdus-G_hcaE-T_BLAST
Q0T1Y1-O=Shigella-G=hcaE-T=BLAST -> Q0T1Y1-O_Shigella-G_hcaE-T_BLAST
Q83K39-O=Shigella-G=hcaE-T=BLAST -> Q83K39-O_Shigella-G_hcaE-T_BLAST
Q31XV2-O=Shigella-G=hcaE-T=BLAST -> Q31XV2-O_Shigella-G_hcaE-T_BLAST
Q3YZ15-O=Shigella-G=hcaE-T=BLAST -> Q3YZ15-O_Shigella-G_hcaE-T_BLAST
P0ABR5-O=Escherichia-G=hcaE-T=BLAST -> P0ABR5-O_Escherichia-G_hcaE-T_BLAST
P0ABR6-O=Escherichia-G=hcaE-T=BLAST -> P0ABR6-O_Escherichia-G_hcaE-T_BLAST
A8A344-O=Escherichia-G=hcaE-T=BLAST -> A8A344-O_Escherichia-G_hcaE-T_BLAST
Q53122-O=Rhodococcus-G=bphA1-T=BLAST -> Q53122-O_Rhodococcus-G_bphA1-T_BLAST
P0C618-O=Pseudomonas-G=bnzA-T=BLAST -> P0C618-O_Pseudomonas-G_bnzA-T_BLAST
A5W4F2-O=Pseudomonas-G=bnzA-T=BLAST -> A5W4F2-O_Pseudomonas-G_bnzA-T_BLAST
Q07944-O=Pseudomonas-G=bedC1-T=BLAST -> Q07944-O_Pseudomonas-G_bedC1-T_BLAST
Q52028-O=Pseudomonas-G=bphA-T=BLAST -> Q52028-O_Pseudomonas-G_bphA-T_BLAST
P37333-O=Paraburkholderia-G=bphA-T=BLAST -> P37333-O_Paraburkholderia-G_bphA-T_BLAST
Q46372-O=Comamonas-G=bphA-T=BLAST -> Q46372-O_Comamonas-G_bphA-T_BLAST
Q52438-O=Pseudomonas-G=bphA1-T=BLAST -> Q52438-O_Pseudomonas-G_bphA1-T_BLAST
AGZ63449.1-O=Sphingobium-NCBI -> AGZ63449.1-O_Sphingobium-NCBI
U5XLI6-O=Sphingobium-G=ahdA1f-T=Query -> U5XLI6-O_Sphingobium-G_ahdA1f-T_Query
Q45695-O=Burkholderia-G=dntAc-T=BLAST -> Q45695-O_Burkholderia-G_dntAc-T_BLAST
O52382-O=Ralstonia-G=nagAc-T=BLAST -> O52382-O_Ralstonia-G_nagAc-T_BLAST
Q51494-O=Pseudomonas-G=ndoB-T=BLAST -> Q51494-O_Pseudomonas-G_ndoB-T_BLAST
P0A111-O=Pseudomonas-G=doxB-T=BLAST -> P0A111-O_Pseudomonas-G_doxB-T_BLAST
P0A110-O=Pseudomonas-G=ndoB-T=BLAST -> P0A110-O_Pseudomonas-G_ndoB-T_BLAST
O07824-O=Pseudomonas-G=ndoB-T=BLAST -> O07824-O_Pseudomonas-G_ndoB-T_BLAST

                                             Gap/Ambiguity  Composition  p-value
   1  G2IN04-O_Sphingobium-G_ligXa-T_BLAST          23.83%    passed      8.36%
   2  P0ABR7-O_Escherichia-G_yeaW-T_BLAST           29.83%    passed     89.05%
   3  P0ABR8-O_Escherichia-G_yeaW-T_BLAST           29.83%    passed     89.05%
   4  D0C9N6-O_Acinetobacter-G_cntA-T_BLAST         30.39%    passed     65.62%
   5  F0KFI5-O_Acinetobacter-G_yeaW-T_BLAST         30.39%    passed     45.53%
   6  Q9RBG5-O_Alcaligenes-G_absAa-T_BLAST          26.27%    passed     47.37%
   7  Q9X404-O_Methylosulfonomonas-G_msmA-T_BLAST   24.02%    passed      6.33%
   8  Q51974-O_Pseudomonas-G_cmtAb-T_BLAST          19.51%    passed     81.93%
   9  O85673-O_Acinetobacter-G_antA-T_BLAST         12.20%    passed     73.28%
  10  Q51601-O_Burkholderia-G_cbdA-T_BLAST          13.32%    passed     56.67%
  11  P07769-O_Acinetobacter-G_benA-T_BLAST         14.07%    passed     87.91%
  12  P23099-O_Pseudomonas-G_xylX-T_BLAST           15.38%    passed     93.39%
  13  O52379-O_Ralstonia-G_nagG-T_BLAST             21.20%    passed     19.34%
  14  Q84BZ3-O_Burkholderia-G_andAc-T_BLAST         20.83%    passed     64.42%
  15  Q3C1E3-O_Comamonas-G_tphA2I-T_BLAST           22.51%    passed     71.52%
  16  Q3C1D5-O_Comamonas-G_tphA2II-T_BLAST          22.51%    passed     71.27%
  17  Q7N4W0-O_Photorhabdus-G_hcaE-T_BLAST          15.01%    passed     86.12%
  18  Q0T1Y1-O_Shigella-G_hcaE-T_BLAST              15.01%    passed     99.47%
  19  Q83K39-O_Shigella-G_hcaE-T_BLAST              15.01%    passed     99.34%
  20  Q31XV2-O_Shigella-G_hcaE-T_BLAST              15.01%    passed     98.93%
  21  Q3YZ15-O_Shigella-G_hcaE-T_BLAST              15.01%    passed     98.98%
  22  P0ABR5-O_Escherichia-G_hcaE-T_BLAST           15.01%    passed     98.98%
  23  P0ABR6-O_Escherichia-G_hcaE-T_BLAST           15.01%    passed     98.98%
  24  A8A344-O_Escherichia-G_hcaE-T_BLAST           15.01%    passed     99.12%
  25  Q53122-O_Rhodococcus-G_bphA1-T_BLAST          14.07%    passed     43.81%
  26  P0C618-O_Pseudomonas-G_bnzA-T_BLAST           15.57%    passed     95.51%
  27  A5W4F2-O_Pseudomonas-G_bnzA-T_BLAST           15.57%    passed     95.51%
  28  Q07944-O_Pseudomonas-G_bedC1-T_BLAST          15.57%    passed     84.33%
  29  Q52028-O_Pseudomonas-G_bphA-T_BLAST           14.07%    passed     33.20%
  30  P37333-O_Paraburkholderia-G_bphA-T_BLAST      13.88%    passed     78.22%
  31  Q46372-O_Comamonas-G_bphA-T_BLAST             14.26%    passed     90.14%
  32  Q52438-O_Pseudomonas-G_bphA1-T_BLAST          14.63%    passed     33.15%
  33  AGZ63449.1-O_Sphingobium-NCBI                 13.88%    passed     96.57%
  34  U5XLI6-O_Sphingobium-G_ahdA1f-T_Query         13.88%    passed     96.57%
  35  Q45695-O_Burkholderia-G_dntAc-T_BLAST         15.38%    passed     86.18%
  36  O52382-O_Ralstonia-G_nagAc-T_BLAST            16.14%    passed     85.78%
  37  Q51494-O_Pseudomonas-G_ndoB-T_BLAST           15.76%    passed     54.75%
  38  P0A111-O_Pseudomonas-G_doxB-T_BLAST           15.76%    passed     43.56%
  39  P0A110-O_Pseudomonas-G_ndoB-T_BLAST           15.76%    passed     43.56%
  40  O07824-O_Pseudomonas-G_ndoB-T_BLAST           15.95%    passed     52.08%
****  TOTAL                                         17.91%  0 sequences failed composition chi2 test (p-value<5%; df=19)
NOTE: P0ABR8-O_Escherichia-G_yeaW-T_BLAST is identical to P0ABR7-O_Escherichia-G_yeaW-T_BLAST but kept for subsequent analysis
NOTE: P0ABR5-O_Escherichia-G_hcaE-T_BLAST is identical to Q3YZ15-O_Shigella-G_hcaE-T_BLAST but kept for subsequent analysis
NOTE: A5W4F2-O_Pseudomonas-G_bnzA-T_BLAST is identical to P0C618-O_Pseudomonas-G_bnzA-T_BLAST but kept for subsequent analysis
NOTE: U5XLI6-O_Sphingobium-G_ahdA1f-T_Query is identical to AGZ63449.1-O_Sphingobium-NCBI but kept for subsequent analysis
NOTE: P0A110-O_Pseudomonas-G_ndoB-T_BLAST is identical to P0A111-O_Pseudomonas-G_doxB-T_BLAST but kept for subsequent analysis
NOTE: 1 identical sequences (see below) will be ignored for subsequent analysis
NOTE: P0ABR6-O_Escherichia-G_hcaE-T_BLAST (identical to Q3YZ15-O_Shigella-G_hcaE-T_BLAST) is ignored but added at the end
Alignment was printed to analyses/phylo/PAH_dioxygenase_f/PAH_dioxygenase_f.trimmed.uniqueseq.phy

For your convenience alignment with unique sequences printed to analyses/phylo/PAH_dioxygenase_f/PAH_dioxygenase_f.trimmed.uniqueseq.phy

Create initial parsimony tree by phylogenetic likelihood library (PLL)... 0.026 seconds
Generating 1000 samples for ultrafast bootstrap (seed: 3333)...

NOTE: 25 MB RAM (0 GB) is required!
Measuring multi-threading efficiency up to 4 CPU cores
Increase to 10 rounds for branch lengths
3 trees examined
Threads: 1 / Time: 5.250 sec / Speedup: 1.000 / Efficiency: 100% / LogL: -31907
Threads: 2 / Time: 4.921 sec / Speedup: 1.067 / Efficiency: 53% / LogL: -31907
Threads: 3 / Time: 5.465 sec / Speedup: 0.961 / Efficiency: 32% / LogL: -31907
BEST NUMBER OF THREADS: 2

Estimate model parameters (epsilon = 0.100)
1. Initial log-likelihood: -19864.285
2. Current log-likelihood: -19486.890
3. Current log-likelihood: -19477.007
4. Current log-likelihood: -19476.789
5. Current log-likelihood: -19476.674
Optimal log-likelihood: -19476.586
Site proportion and rates:  (0.055,0.060) (0.070,0.291) (0.116,0.409) (0.170,0.638) (0.222,0.931) (0.257,1.242) (0.110,2.680)
Parameters optimization took 5 rounds (14.977 sec)
Computing ML distances based on estimated model parameters... 0.784 sec
Computing BIONJ tree...
0.001 seconds
Log-likelihood of BIONJ tree: -19476.585
--------------------------------------------------------------------
|             INITIALIZING CANDIDATE TREE SET                      |
--------------------------------------------------------------------
Generating 98 parsimony trees... 1.864 second
Computing log-likelihood of 98 initial trees ... 22.104 seconds
Current best score: -19476.585

Do NNI search on 20 best initial trees
Estimate model parameters (epsilon = 0.100)
BETTER TREE FOUND at iteration 1: -19476.514
BETTER TREE FOUND at iteration 2: -19476.509
UPDATE BEST LOG-LIKELIHOOD: -19476.508
UPDATE BEST LOG-LIKELIHOOD: -19476.508
UPDATE BEST LOG-LIKELIHOOD: -19476.508
UPDATE BEST LOG-LIKELIHOOD: -19476.508
Iteration 10 / LogL: -19476.508 / Time: 0h:1m:47s
Iteration 20 / LogL: -19476.559 / Time: 0h:2m:39s
Finish initializing candidate tree set (6)
Current best tree score: -19476.508 / CPU time: 126.719
Number of iterations: 20
--------------------------------------------------------------------
|               OPTIMIZING CANDIDATE TREE SET                      |
--------------------------------------------------------------------
Iteration 30 / LogL: -19476.509 / Time: 0h:4m:8s (0h:10m:15s left)
Iteration 40 / LogL: -19493.616 / Time: 0h:6m:16s (0h:9m:58s left)
Iteration 50 / LogL: -19476.508 / Time: 0h:8m:29s (0h:9m:0s left)
Log-likelihood cutoff on original alignment: -19510.347
Iteration 60 / LogL: -19476.508 / Time: 0h:10m:7s (0h:7m:12s left)
Iteration 70 / LogL: -19476.508 / Time: 0h:11m:37s (0h:5m:23s left)
Iteration 80 / LogL: -19484.180 / Time: 0h:12m:56s (0h:3m:36s left)
Iteration 90 / LogL: -19476.508 / Time: 0h:14m:21s (0h:1m:56s left)
UPDATE BEST LOG-LIKELIHOOD: -19476.508
Iteration 100 / LogL: -19476.508 / Time: 0h:15m:28s (0h:0m:18s left)
Log-likelihood cutoff on original alignment: -19510.347
NOTE: Bootstrap correlation coefficient of split occurrence frequencies: 0.999
TREE SEARCH COMPLETED AFTER 103 ITERATIONS / Time: 0h:15m:48s

--------------------------------------------------------------------
|                    FINALIZING TREE SEARCH                        |
--------------------------------------------------------------------
Performs final model parameters optimization
Estimate model parameters (epsilon = 0.010)
1. Initial log-likelihood: -19476.508
2. Current log-likelihood: -19476.456
3. Current log-likelihood: -19476.411
4. Current log-likelihood: -19476.359
5. Current log-likelihood: -19476.312
6. Current log-likelihood: -19476.266
7. Current log-likelihood: -19476.224
8. Current log-likelihood: -19476.181
9. Current log-likelihood: -19476.138
10. Current log-likelihood: -19476.095
11. Current log-likelihood: -19476.057
12. Current log-likelihood: -19476.017
13. Current log-likelihood: -19475.980
14. Current log-likelihood: -19475.944
15. Current log-likelihood: -19475.907
16. Current log-likelihood: -19475.872
17. Current log-likelihood: -19475.839
18. Current log-likelihood: -19475.807
19. Current log-likelihood: -19475.775
20. Current log-likelihood: -19475.744
21. Current log-likelihood: -19475.715
22. Current log-likelihood: -19475.684
23. Current log-likelihood: -19475.667
24. Current log-likelihood: -19475.640
25. Current log-likelihood: -19475.622
26. Current log-likelihood: -19475.597
27. Current log-likelihood: -19475.582
28. Current log-likelihood: -19475.558
29. Current log-likelihood: -19475.544
30. Current log-likelihood: -19475.528
31. Current log-likelihood: -19475.513
32. Current log-likelihood: -19475.498
33. Current log-likelihood: -19475.483
34. Current log-likelihood: -19475.469
35. Current log-likelihood: -19475.455
36. Current log-likelihood: -19475.442
37. Current log-likelihood: -19475.429
38. Current log-likelihood: -19475.416
39. Current log-likelihood: -19475.403
40. Current log-likelihood: -19475.391
41. Current log-likelihood: -19475.378
42. Current log-likelihood: -19475.366
43. Current log-likelihood: -19475.355
44. Current log-likelihood: -19475.343
45. Current log-likelihood: -19475.331
46. Current log-likelihood: -19475.320
47. Current log-likelihood: -19475.309
48. Current log-likelihood: -19475.298
49. Current log-likelihood: -19475.287
50. Current log-likelihood: -19475.275
51. Current log-likelihood: -19475.264
52. Current log-likelihood: -19475.254
Optimal log-likelihood: -19475.238
Site proportion and rates:  (0.051,0.048) (0.052,0.300) (0.076,0.300) (0.170,0.573) (0.202,0.764) (0.358,1.241) (0.091,2.893)
Parameters optimization took 52 rounds (211.634 sec)
BEST SCORE FOUND : -19475.238
Creating bootstrap support values...
Split supports printed to NEXUS file analyses/phylo/PAH_dioxygenase_f/PAH_dioxygenase_f.trimmed.splits.nex
Total tree length: 24.715

Total number of iterations: 103
CPU time used for tree search: 1794.894 sec (0h:29m:54s)
Wall-clock time used for tree search: 915.820 sec (0h:15m:15s)
Total CPU time used: 2276.501 sec (0h:37m:56s)
Total wall-clock time used: 1160.547 sec (0h:19m:20s)

Computing bootstrap consensus tree...
Reading input file analyses/phylo/PAH_dioxygenase_f/PAH_dioxygenase_f.trimmed.splits.nex...
39 taxa and 184 splits.
Consensus tree written to analyses/phylo/PAH_dioxygenase_f/PAH_dioxygenase_f.trimmed.contree
Reading input trees file analyses/phylo/PAH_dioxygenase_f/PAH_dioxygenase_f.trimmed.contree
Log-likelihood of consensus tree: -19475.244

Analysis results written to: 
  IQ-TREE report:                analyses/phylo/PAH_dioxygenase_f/PAH_dioxygenase_f.trimmed.iqtree
  Maximum-likelihood tree:       analyses/phylo/PAH_dioxygenase_f/PAH_dioxygenase_f.trimmed.treefile
  Likelihood distances:          analyses/phylo/PAH_dioxygenase_f/PAH_dioxygenase_f.trimmed.mldist

Ultrafast bootstrap approximation results written to:
  Split support values:          analyses/phylo/PAH_dioxygenase_f/PAH_dioxygenase_f.trimmed.splits.nex
  Consensus tree:                analyses/phylo/PAH_dioxygenase_f/PAH_dioxygenase_f.trimmed.contree
  Screen log file:               analyses/phylo/PAH_dioxygenase_f/PAH_dioxygenase_f.trimmed.log

Date and Time: Thu Sep  3 11:34:56 2020
